 Process in group number            1
 A PDF is used, so alpha_s(MZ) is going to be modified
 Old value of alpha_s from param_card:   0.11799999999999999     
  ****************************************
 
       NNPDFDriver version 1.0.3
   Grid: NNPDF23_lo_as_0130_qed_mem0.grid
  ****************************************
 New value of alpha_s from PDF nn23lo1:  0.13000000000000000     
 Define smin to   6400.0000000000000     
 Define smin to   6400.0000000000000     
 *****************************************************
 *               MadGraph/MadEvent                   *
 *        --------------------------------           *
 *          http://madgraph.hep.uiuc.edu             *
 *          http://madgraph.phys.ucl.ac.be           *
 *          http://madgraph.roma2.infn.it            *
 *        --------------------------------           *
 *                                                   *
 *          PARAMETER AND COUPLING VALUES            *
 *                                                   *
 *****************************************************

  External Params
  ---------------------------------
  
 mdl_MB =    4.7000000000000002     
 mdl_MT =    173.00000000000000     
 mdl_MTA =    1.7769999999999999     
 mdl_MZ =    91.188000000000002     
 mdl_MH =    125.00000000000000     
 aEWM1 =    132.50700000000001     
 mdl_Gf =    1.1663900000000000E-005
 aS =   0.11799999999999999     
 mdl_ymb =    4.7000000000000002     
 mdl_ymt =    173.00000000000000     
 mdl_ymtau =    1.7769999999999999     
 mdl_WT =    1.4915000000000000     
 mdl_WZ =    2.4414039999999999     
 mdl_WW =    2.0476000000000001     
 mdl_WH =    6.3823389999999999E-003
  Internal Params
  ---------------------------------
  
 mdl_conjg__CKM3x3 =    1.0000000000000000     
 mdl_CKM3x3 =    1.0000000000000000     
 mdl_conjg__CKM1x1 =    1.0000000000000000     
 mdl_complexi =                (0.0000000000000000,1.0000000000000000)
 mdl_MZ__exp__2 =    8315.2513440000002     
 mdl_MZ__exp__4 =    69143404.913893804     
 mdl_sqrt__2 =    1.4142135623730951     
 mdl_MH__exp__2 =    15625.000000000000     
 mdl_aEW =    7.5467711139788835E-003
 mdl_MW =    80.419002445756163     
 mdl_sqrt__aEW =    8.6872153846781555E-002
 mdl_ee =   0.30795376724436879     
 mdl_MW__exp__2 =    6467.2159543705357     
 mdl_sw2 =   0.22224648578577766     
 mdl_cw =   0.88190334743339216     
 mdl_sqrt__sw2 =   0.47143025548407230     
 mdl_sw =   0.47143025548407230     
 mdl_g1 =   0.34919219678733299     
 mdl_gw =   0.65323293034757990     
 mdl_vev =    246.21845810181637     
 mdl_vev__exp__2 =    60623.529110035903     
 mdl_lam =   0.12886910601690263     
 mdl_yb =    2.6995554250465490E-002
 mdl_yt =   0.99366614581500623     
 mdl_ytau =    1.0206617000654717E-002
 mdl_muH =    88.388347648318430     
 mdl_I1x33 =          (2.69955542504654901E-002,0.0000000000000000)
 mdl_I2x33 =               (0.99366614581500623,0.0000000000000000)
 mdl_I3x33 =               (0.99366614581500623,0.0000000000000000)
 mdl_I4x33 =          (2.69955542504654901E-002,0.0000000000000000)
 mdl_ee__exp__2 =    9.4835522759998875E-002
 mdl_sw__exp__2 =   0.22224648578577769     
 mdl_cw__exp__2 =   0.77775351421422245     
  Internal Params evaluated point by point
  ----------------------------------------
  
 mdl_sqrt__aS =   0.34351128074635334     
 mdl_G__exp__2 =    1.4828317324943823     
  Couplings of sm
  ---------------------------------
  
         GC_1 =  -0.00000E+00  -0.10265E+00
         GC_2 =   0.00000E+00   0.20530E+00
        GC_51 =   0.00000E+00   0.28804E+00
        GC_58 =  -0.00000E+00  -0.27437E-01
        GC_81 =   0.00000E+00   0.67544E+02
        GC_83 =  -0.00000E+00  -0.19089E-01

 Collider parameters:
 --------------------

 Running at P P   machine @    13000.000000000000       GeV
 PDF set = nn23lo1
 alpha_s(Mz)= 0.1300 running at 2 loops.
 alpha_s(Mz)= 0.1300 running at 2 loops.
 Renormalization scale set on event-by-event basis
 Factorization   scale set on event-by-event basis


 getting user params
Enter number of events and max and min iterations: 
 Number of events and iterations         1000           5           3
Enter desired fractional accuracy: 
 Desired fractional accuracy:   0.10000000000000001     
Enter 0 for fixed, 2 for adjustable grid: 
Suppress amplitude (0 no, 1 yes)? 
 Using suppressed amplitude.
Exact helicity sum (0 yes, n = number/event)? 
 Explicitly summing over helicities
Enter Configuration Number: 
Running Configuration Number:   37
 Not subdividing B.W.
 Attempting mappinvarients           1           6
 Completed mapping           6
 about to integrate           10        1000           5           3          10           1
 Using non-zero grid deformation.
 10 dimensions   1000 events 10 invarients  5 iterations  1 config(s),  (0.99)
 Using h-tuple random number sequence.
 Error opening grid
 Using Uniform Grid!          24
 Using uniform alpha   1.0000000000000000     
 Grid defined OK
 Set CM energy to      13000.00
 Mapping Graph          37  to config          37
Setting grid   1    0.52284E-06   1
 Setting BW          -2           1   91.188000000000002     
Setting grid   3    0.94675E-05   1
 Transforming s_hat 1/s            9   4.6220104294440253E-005   6400.0000000000000        168999999.99999997     
  37   1   2   3   4   5   6   7   8   9  10
 Masses: 0.000E+00 0.000E+00 0.470E+01 0.470E+01 0.470E+01 0.470E+01
Using random seed offsets    37 :      1
  with seed                   33
 Ranmar initialization seeds       11985        9408
 
 ********************************************
 * You are using the DiscreteSampler module *
 *      part of the MG5_aMC framework       *
 *         Author: Valentin Hirschi         *
 ********************************************
 
  Particle       3       4       5       6
      Et >    20.0    20.0    20.0    20.0
       E >     0.0     0.0     0.0     0.0
     Eta <     3.0     3.0     3.0     3.0
   xqcut:      0.0     0.0     0.0     0.0
d R # 3  >    -0.0     0.4     0.4     0.4
d R # 4  >    -0.0    -0.0     0.4     0.4
d R # 5  >    -0.0    -0.0    -0.0     0.4
s min # 3>     0.0     0.0     0.0     0.0
s min # 4>     0.0     0.0     0.0     0.0
s min # 5>     0.0     0.0     0.0     0.0
xqcutij # 3>     0.0     0.0     0.0     0.0
xqcutij # 4>     0.0     0.0     0.0     0.0
xqcutij # 5>     0.0     0.0     0.0     0.0
 No cut BW           -2           1
 alpha_s for scale    102.44373310023755       is   0.12752394387032884     
 Added good helicity            1   7.5479468131796026E-002  in event            1 local:           1
 Added good helicity            2   7.6849474625738259E-004  in event            1 local:           1
 Added good helicity            3   6.8438771803970132E-004  in event            1 local:           1
 Added good helicity            4   3.2897460091282929E-002  in event            1 local:           1
 Added good helicity            5   5.2346603247246481E-004  in event            1 local:           1
 Added good helicity            6   2.8988457173082974E-006  in event            1 local:           1
 Added good helicity            7   3.4166937152095930E-004  in event            1 local:           1
 Added good helicity            8   1.2377274406640267E-004  in event            1 local:           1
 Added good helicity            9   3.4906573138332008E-004  in event            1 local:           1
 Added good helicity           10   1.9563824048948902E-003  in event            1 local:           1
 Added good helicity           11   6.6433875648441318E-006  in event            1 local:           1
 Added good helicity           12   6.1892812381411514E-005  in event            1 local:           1
 Added good helicity           13   7.8539703443426855E-004  in event            1 local:           1
 Added good helicity           14   3.5122693732719335E-005  in event            1 local:           1
 Added good helicity           15   1.0046272441722644E-004  in event            1 local:           1
 Added good helicity           16   1.1407990793844397E-004  in event            1 local:           1
 Added good helicity           49   60.309944284535234       in event            1 local:           1
 Added good helicity           50  0.27552001229790934       in event            1 local:           1
 Added good helicity           51   1.4008075358661446E-002  in event            1 local:           1
 Added good helicity           52  0.24631934051770660       in event            1 local:           1
 Added good helicity           53   5.4424044783553220E-003  in event            1 local:           1
 Added good helicity           54   1.9864003761122214E-005  in event            1 local:           1
 Added good helicity           55   5.1066882619322238E-004  in event            1 local:           1
 Added good helicity           56   1.7862123456544916E-004  in event            1 local:           1
 Added good helicity           57  0.12830184549234414       in event            1 local:           1
 Added good helicity           58   2.4943830434646399E-002  in event            1 local:           1
 Added good helicity           59   7.8217619120901617E-006  in event            1 local:           1
 Added good helicity           60   8.2135533975325576E-004  in event            1 local:           1
 Added good helicity           61   2.8712309381629462       in event            1 local:           1
 Added good helicity           62   1.8440371151696416E-003  in event            1 local:           1
 Added good helicity           63   3.9956522089860990E-003  in event            1 local:           1
 Added good helicity           64   2.6805838539588197E-003  in event            1 local:           1
 Added good helicity            1   7.5479468131795929E-002  in event            1 local:           1
 Added good helicity            2   7.6849474625738390E-004  in event            1 local:           1
 Added good helicity            3   6.8438771803970111E-004  in event            1 local:           1
 Added good helicity            4   3.2897460091282929E-002  in event            1 local:           1
 Added good helicity            5   5.2346603247246460E-004  in event            1 local:           1
 Added good helicity            6   2.8988457173083003E-006  in event            1 local:           1
 Added good helicity            7   3.4166937152095973E-004  in event            1 local:           1
 Added good helicity            8   1.2377274406640267E-004  in event            1 local:           1
 Added good helicity            9   3.4906573138332041E-004  in event            1 local:           1
 Added good helicity           10   1.9563824048948880E-003  in event            1 local:           1
 Added good helicity           11   6.6433875648441335E-006  in event            1 local:           1
 Added good helicity           12   6.1892812381411500E-005  in event            1 local:           1
 Added good helicity           13   7.8539703443426573E-004  in event            1 local:           1
 Added good helicity           14   3.5122693732719342E-005  in event            1 local:           1
 Added good helicity           15   1.0046272441722651E-004  in event            1 local:           1
 Added good helicity           16   1.1407990793844425E-004  in event            1 local:           1
 Added good helicity           49   60.309944284535241       in event            1 local:           1
 Added good helicity           50  0.27552001229790946       in event            1 local:           1
 Added good helicity           51   1.4008075358661458E-002  in event            1 local:           1
 Added good helicity           52  0.24631934051770663       in event            1 local:           1
 Added good helicity           53   5.4424044783553099E-003  in event            1 local:           1
 Added good helicity           54   1.9864003761122281E-005  in event            1 local:           1
 Added good helicity           55   5.1066882619322260E-004  in event            1 local:           1
 Added good helicity           56   1.7862123456544932E-004  in event            1 local:           1
 Added good helicity           57  0.12830184549234414       in event            1 local:           1
 Added good helicity           58   2.4943830434646402E-002  in event            1 local:           1
 Added good helicity           59   7.8217619120901515E-006  in event            1 local:           1
 Added good helicity           60   8.2135533975325630E-004  in event            1 local:           1
 Added good helicity           61   2.8712309381629471       in event            1 local:           1
 Added good helicity           62   1.8440371151696407E-003  in event            1 local:           1
 Added good helicity           63   3.9956522089861016E-003  in event            1 local:           1
 Added good helicity           64   2.6805838539588219E-003  in event            1 local:           1
 RESET CUMULATIVE VARIABLE
 RESET CUMULATIVE VARIABLE
 RESET CUMULATIVE VARIABLE
 Iteration  1   Mean: 0.2848E-03 Abs mean: 0.2848E-03   Fluctuation:  0.366E-04   0.208E-01     5.7%
  1    0.2848E-03 0.2848E-03 +- 0.3661E-04      4.07
 Writing out events   1.0076311621839555E-006   4.0661787453611309     
 Relative summed weights:
  0.1027E+00  0.7863E-01  0.1892E-01  0.1142E-01
  0.6199E-01  0.1029E+00  0.1725E-01  0.2511E-01
  0.7888E-01  0.2162E+00  0.8955E-01  0.1226E-01
  0.7098E-01  0.8140E-01  0.2089E-01  0.1092E-01
 Relative number of events:
  0.1100E+00  0.9415E-01  0.3667E-01  0.2874E-01
  0.8127E-01  0.7929E-01  0.3271E-01  0.2973E-01
  0.9911E-01  0.1100E+00  0.2973E-01  0.2577E-01
  0.9613E-01  0.9118E-01  0.2676E-01  0.2874E-01
 Events:
         111          95          37          29
          82          80          33          30
         100         111          30          26
          97          92          27          29
 Iteration  2   Mean: 0.2632E-03 Abs mean: 0.2632E-03   Fluctuation:  0.141E-04   0.111E-01    15.6%
  2    0.2632E-03 0.2632E-03 +- 0.1412E-04      2.40
 Relative summed weights:
  0.1222E+00  0.9353E-01  0.3916E-01  0.1980E-01
  0.1106E+00  0.8128E-01  0.3342E-01  0.1732E-01
  0.1102E+00  0.1126E+00  0.2954E-01  0.4097E-01
  0.5910E-01  0.6966E-01  0.2248E-01  0.3815E-01
 Relative number of events:
  0.9650E-01  0.8750E-01  0.3550E-01  0.3950E-01
  0.1075E+00  0.9150E-01  0.2450E-01  0.3100E-01
  0.9800E-01  0.9400E-01  0.2900E-01  0.3100E-01
  0.8800E-01  0.8400E-01  0.2950E-01  0.3300E-01
 Events:
         193         175          71          79
         215         183          49          62
         196         188          58          62
         176         168          59          66
 Iteration  3   Mean: 0.2546E-03 Abs mean: 0.2546E-03   Fluctuation:  0.898E-05   0.875E-02    18.9%
  3    0.2546E-03 0.2546E-03 +- 0.8985E-05      2.23
 Relative summed weights:
  0.1108E+00  0.1045E+00  0.2823E-01  0.2677E-01
  0.9875E-01  0.1011E+00  0.3182E-01  0.2068E-01
  0.1161E+00  0.9305E-01  0.2626E-01  0.1840E-01
  0.8817E-01  0.8565E-01  0.2690E-01  0.2289E-01
 Relative number of events:
  0.9550E-01  0.9425E-01  0.2850E-01  0.2725E-01
  0.9500E-01  0.9350E-01  0.2775E-01  0.2825E-01
  0.9900E-01  0.1017E+00  0.2900E-01  0.2900E-01
  0.9725E-01  0.9075E-01  0.3275E-01  0.3050E-01
 Events:
         382         377         114         109
         380         374         111         113
         396         407         116         116
         389         363         131         122
 Accuracy:    0.020   0.100   0.029   0.461
 Finished due to accuracy    1.9516819671891821E-002  0.10000000000000001     

 -------------------------------------------------------------------------------
 Accumulated results:   Integral =  0.2586E-03
                        Std dev  =  0.7431E-05
                       Cross sec =  0.2586E-03
             Chi**2 per DoF.     =      0.4612
 -------------------------------------------------------------------------------
 Found         1377  events.
 Wrote          186  events.
 Actual xsec    2.5858708560560242E-004
 Correct abs xsec    2.5858708560560242E-004
 Event xsec    2.5858708560560177E-004
 Events wgts > 1:            6
 % Cross section > 1:    2.1161542971913920E-006  0.81835266143915653     
-------------------------------------------------
---------------------------
 Results Last   3 iters: Integral =   0.2586E-03
                     Abs integral =   0.2586E-03
                          Std dev =   0.7431E-05
                  Chi**2 per DoF. =      0.4080
-------------------------------------------------
---------------------------
 Status  0.10000000000000001                4           5

ls status:
events.lhe
ftn26
input_app.txt
results.dat
run1_app.log
run_01_log.txt
