 Process in group number            1
 A PDF is used, so alpha_s(MZ) is going to be modified
 Old value of alpha_s from param_card:   0.11799999999999999     
  ****************************************
 
       NNPDFDriver version 1.0.3
   Grid: NNPDF23_lo_as_0130_qed_mem0.grid
  ****************************************
 New value of alpha_s from PDF nn23lo1:  0.13000000000000000     
 Define smin to   6400.0000000000000     
 Define smin to   6400.0000000000000     
 *****************************************************
 *               MadGraph/MadEvent                   *
 *        --------------------------------           *
 *          http://madgraph.hep.uiuc.edu             *
 *          http://madgraph.phys.ucl.ac.be           *
 *          http://madgraph.roma2.infn.it            *
 *        --------------------------------           *
 *                                                   *
 *          PARAMETER AND COUPLING VALUES            *
 *                                                   *
 *****************************************************

  External Params
  ---------------------------------
  
 mdl_MB =    4.7000000000000002     
 mdl_MT =    173.00000000000000     
 mdl_MTA =    1.7769999999999999     
 mdl_MZ =    91.188000000000002     
 mdl_MH =    125.00000000000000     
 aEWM1 =    132.50700000000001     
 mdl_Gf =    1.1663900000000000E-005
 aS =   0.11799999999999999     
 mdl_ymb =    4.7000000000000002     
 mdl_ymt =    173.00000000000000     
 mdl_ymtau =    1.7769999999999999     
 mdl_WT =    1.4915000000000000     
 mdl_WZ =    2.4414039999999999     
 mdl_WW =    2.0476000000000001     
 mdl_WH =    6.3823389999999999E-003
  Internal Params
  ---------------------------------
  
 mdl_conjg__CKM3x3 =    1.0000000000000000     
 mdl_CKM3x3 =    1.0000000000000000     
 mdl_conjg__CKM1x1 =    1.0000000000000000     
 mdl_complexi =                (0.0000000000000000,1.0000000000000000)
 mdl_MZ__exp__2 =    8315.2513440000002     
 mdl_MZ__exp__4 =    69143404.913893804     
 mdl_sqrt__2 =    1.4142135623730951     
 mdl_MH__exp__2 =    15625.000000000000     
 mdl_aEW =    7.5467711139788835E-003
 mdl_MW =    80.419002445756163     
 mdl_sqrt__aEW =    8.6872153846781555E-002
 mdl_ee =   0.30795376724436879     
 mdl_MW__exp__2 =    6467.2159543705357     
 mdl_sw2 =   0.22224648578577766     
 mdl_cw =   0.88190334743339216     
 mdl_sqrt__sw2 =   0.47143025548407230     
 mdl_sw =   0.47143025548407230     
 mdl_g1 =   0.34919219678733299     
 mdl_gw =   0.65323293034757990     
 mdl_vev =    246.21845810181637     
 mdl_vev__exp__2 =    60623.529110035903     
 mdl_lam =   0.12886910601690263     
 mdl_yb =    2.6995554250465490E-002
 mdl_yt =   0.99366614581500623     
 mdl_ytau =    1.0206617000654717E-002
 mdl_muH =    88.388347648318430     
 mdl_I1x33 =          (2.69955542504654901E-002,0.0000000000000000)
 mdl_I2x33 =               (0.99366614581500623,0.0000000000000000)
 mdl_I3x33 =               (0.99366614581500623,0.0000000000000000)
 mdl_I4x33 =          (2.69955542504654901E-002,0.0000000000000000)
 mdl_ee__exp__2 =    9.4835522759998875E-002
 mdl_sw__exp__2 =   0.22224648578577769     
 mdl_cw__exp__2 =   0.77775351421422245     
  Internal Params evaluated point by point
  ----------------------------------------
  
 mdl_sqrt__aS =   0.34351128074635334     
 mdl_G__exp__2 =    1.4828317324943823     
  Couplings of sm
  ---------------------------------
  
         GC_1 =  -0.00000E+00  -0.10265E+00
         GC_2 =   0.00000E+00   0.20530E+00
        GC_51 =   0.00000E+00   0.28804E+00
        GC_58 =  -0.00000E+00  -0.27437E-01
        GC_81 =   0.00000E+00   0.67544E+02
        GC_83 =  -0.00000E+00  -0.19089E-01

 Collider parameters:
 --------------------

 Running at P P   machine @    13000.000000000000       GeV
 PDF set = nn23lo1
 alpha_s(Mz)= 0.1300 running at 2 loops.
 alpha_s(Mz)= 0.1300 running at 2 loops.
 Renormalization scale set on event-by-event basis
 Factorization   scale set on event-by-event basis


 getting user params
Enter number of events and max and min iterations: 
 Number of events and iterations         1000           5           3
Enter desired fractional accuracy: 
 Desired fractional accuracy:   0.10000000000000001     
Enter 0 for fixed, 2 for adjustable grid: 
Suppress amplitude (0 no, 1 yes)? 
 Using suppressed amplitude.
Exact helicity sum (0 yes, n = number/event)? 
 Explicitly summing over helicities
Enter Configuration Number: 
Running Configuration Number:    3
 Not subdividing B.W.
 Attempting mappinvarients           1           6
 Completed mapping           6
 about to integrate           10        1000           5           3          10           1
 Using non-zero grid deformation.
 10 dimensions   1000 events 10 invarients  5 iterations  1 config(s),  (0.99)
 Using h-tuple random number sequence.
 Error opening grid
 Using Uniform Grid!          24
 Using uniform alpha   1.0000000000000000     
 Grid defined OK
 Set CM energy to      13000.00
 Mapping Graph           3  to config           3
Setting grid   1    0.52284E-06   1
Setting grid   2    0.11764E-05   1
 Setting PDF BW           9           1   91.188000000000002     
 Transforming s_hat BW    4.9202670674556223E-005   1.3173180352189351E-006
   3   1   2   3   4   5   6   7   8   9  10
 Masses: 0.000E+00 0.000E+00 0.470E+01 0.470E+01 0.470E+01 0.470E+01
Using random seed offsets     3 :      1
  with seed                   33
 Ranmar initialization seeds       11951        9408
 
 ********************************************
 * You are using the DiscreteSampler module *
 *      part of the MG5_aMC framework       *
 *         Author: Valentin Hirschi         *
 ********************************************
 
  Particle       3       4       5       6
      Et >    20.0    20.0    20.0    20.0
       E >     0.0     0.0     0.0     0.0
     Eta <     3.0     3.0     3.0     3.0
   xqcut:      0.0     0.0     0.0     0.0
d R # 3  >    -0.0     0.4     0.4     0.4
d R # 4  >    -0.0    -0.0     0.4     0.4
d R # 5  >    -0.0    -0.0    -0.0     0.4
s min # 3>     0.0     0.0     0.0     0.0
s min # 4>     0.0     0.0     0.0     0.0
s min # 5>     0.0     0.0     0.0     0.0
xqcutij # 3>     0.0     0.0     0.0     0.0
xqcutij # 4>     0.0     0.0     0.0     0.0
xqcutij # 5>     0.0     0.0     0.0     0.0
 No cut BW           -3           1
 alpha_s for scale    125.38688001311172       is   0.12344658699523825     
 Added good helicity            1  0.53289872688934514       in event            1 local:           1
 Added good helicity            2   6.5218479711943139E-002  in event            1 local:           1
 Added good helicity            3   8.6230400868421528E-002  in event            1 local:           1
 Added good helicity            4   1.1129145475082627       in event            1 local:           1
 Added good helicity            5   2.5267622758759239E-002  in event            1 local:           1
 Added good helicity            6   7.0905119484108948E-004  in event            1 local:           1
 Added good helicity            7   9.6798308601830377E-002  in event            1 local:           1
 Added good helicity            8   2.3919133445652874E-002  in event            1 local:           1
 Added good helicity            9  0.11854424316855056       in event            1 local:           1
 Added good helicity           10   1.0186997961316502       in event            1 local:           1
 Added good helicity           11   4.1126709113157363E-004  in event            1 local:           1
 Added good helicity           12   6.4329955811644234E-003  in event            1 local:           1
 Added good helicity           13  0.49964052293628408       in event            1 local:           1
 Added good helicity           14   1.6809391591738394E-002  in event            1 local:           1
 Added good helicity           15   5.4671050684624604E-003  in event            1 local:           1
 Added good helicity           16  0.18282078593331527       in event            1 local:           1
 Added good helicity           49   6.2758418284275415       in event            1 local:           1
 Added good helicity           50   1.3677719341610901       in event            1 local:           1
 Added good helicity           51  0.53635002000247434       in event            1 local:           1
 Added good helicity           52   1.1132370613641895       in event            1 local:           1
 Added good helicity           53  0.12863904606393770       in event            1 local:           1
 Added good helicity           54   2.2177990889170615E-003  in event            1 local:           1
 Added good helicity           55  0.58296613430457866       in event            1 local:           1
 Added good helicity           56  0.10126119771984030       in event            1 local:           1
 Added good helicity           57  0.92268832038608140       in event            1 local:           1
 Added good helicity           58   46.721457209338823       in event            1 local:           1
 Added good helicity           59   1.1253693569266716E-003  in event            1 local:           1
 Added good helicity           60  0.21987106753884661       in event            1 local:           1
 Added good helicity           61   1.8738837136164306       in event            1 local:           1
 Added good helicity           62  0.23777331236871296       in event            1 local:           1
 Added good helicity           63   3.0010234621371073E-002  in event            1 local:           1
 Added good helicity           64   9.2123373158871910E-002  in event            1 local:           1
 Added good helicity            1  0.53289872688934514       in event            1 local:           1
 Added good helicity            2   6.5218479711943111E-002  in event            1 local:           1
 Added good helicity            3   8.6230400868421403E-002  in event            1 local:           1
 Added good helicity            4   1.1129145475082634       in event            1 local:           1
 Added good helicity            5   2.5267622758759257E-002  in event            1 local:           1
 Added good helicity            6   7.0905119484108981E-004  in event            1 local:           1
 Added good helicity            7   9.6798308601830280E-002  in event            1 local:           1
 Added good helicity            8   2.3919133445652874E-002  in event            1 local:           1
 Added good helicity            9  0.11854424316855065       in event            1 local:           1
 Added good helicity           10   1.0186997961316495       in event            1 local:           1
 Added good helicity           11   4.1126709113157347E-004  in event            1 local:           1
 Added good helicity           12   6.4329955811644251E-003  in event            1 local:           1
 Added good helicity           13  0.49964052293628392       in event            1 local:           1
 Added good helicity           14   1.6809391591738419E-002  in event            1 local:           1
 Added good helicity           15   5.4671050684624587E-003  in event            1 local:           1
 Added good helicity           16  0.18282078593331574       in event            1 local:           1
 Added good helicity           49   6.2758418284275495       in event            1 local:           1
 Added good helicity           50   1.3677719341610908       in event            1 local:           1
 Added good helicity           51  0.53635002000247434       in event            1 local:           1
 Added good helicity           52   1.1132370613641849       in event            1 local:           1
 Added good helicity           53  0.12863904606393783       in event            1 local:           1
 Added good helicity           54   2.2177990889170598E-003  in event            1 local:           1
 Added good helicity           55  0.58296613430457900       in event            1 local:           1
 Added good helicity           56  0.10126119771984023       in event            1 local:           1
 Added good helicity           57  0.92268832038608162       in event            1 local:           1
 Added good helicity           58   46.721457209338823       in event            1 local:           1
 Added good helicity           59   1.1253693569266698E-003  in event            1 local:           1
 Added good helicity           60  0.21987106753884636       in event            1 local:           1
 Added good helicity           61   1.8738837136164301       in event            1 local:           1
 Added good helicity           62  0.23777331236871302       in event            1 local:           1
 Added good helicity           63   3.0010234621371076E-002  in event            1 local:           1
 Added good helicity           64   9.2123373158871744E-002  in event            1 local:           1
 RESET CUMULATIVE VARIABLE
 RESET CUMULATIVE VARIABLE
 RESET CUMULATIVE VARIABLE
 Iteration  1   Mean: 0.5067E-06 Abs mean: 0.5067E-06   Fluctuation:  0.148E-06   0.206E-04     0.1%
  1    0.5067E-06 0.5067E-06 +- 0.1478E-06      3.63
 Writing out events   2.0267146487540732E-008   3.6316513824032923     
 Relative summed weights:
  0.1277E-01  0.1283E-01  0.1057E-01  0.7781E-01
  0.1152E-01  0.4804E-01  0.3113E-01  0.9698E-02
  0.1063E-01  0.2362E-01  0.4683E-01  0.8233E-02
  0.8318E-02  0.2859E-01  0.2831E-01  0.3127E-02
  0.1441E-01  0.4908E-01  0.8882E-02  0.2320E-01
  0.5626E-02  0.2023E+00  0.4431E-02  0.8451E-02
  0.2202E-01  0.2139E+00  0.4933E-02  0.9111E-02
  0.7839E-02  0.2767E-01  0.8443E-02  0.1765E-01
 Relative number of events:
  0.4268E-01  0.4878E-01  0.3659E-01  0.3659E-01
  0.2439E-01  0.3049E-01  0.3659E-01  0.3049E-01
  0.1220E-01  0.4878E-01  0.3049E-01  0.3659E-01
  0.2439E-01  0.6098E-02  0.4878E-01  0.6098E-02
  0.3659E-01  0.5488E-01  0.2439E-01  0.1829E-01
  0.3049E-01  0.4268E-01  0.3659E-01  0.4268E-01
  0.3659E-01  0.1220E-01  0.1220E-01  0.3659E-01
  0.2439E-01  0.4268E-01  0.3049E-01  0.1829E-01
 Events:
           7           8           6           6
           4           5           6           5
           2           8           5           6
           4           1           8           1
           6           9           4           3
           5           7           6           7
           6           2           2           6
           4           7           5           3
 Iteration  2   Mean: 0.9700E-06 Abs mean: 0.9700E-06   Fluctuation:  0.184E-06   0.227E-03     0.3%
  2    0.9700E-06 0.9700E-06 +- 0.1835E-06      6.98
 Relative summed weights:
  0.2076E-01  0.2251E+00  0.1157E-01  0.2594E-01
  0.3777E-01  0.6603E-01  0.3044E-01  0.3953E-01
  0.2878E-01  0.2007E-01  0.3735E-01  0.6735E-02
  0.3177E-01  0.1047E-01  0.4045E-01  0.1196E-01
  0.4198E-01  0.2818E-01  0.3431E-01  0.1274E-01
  0.9720E-02  0.1924E-01  0.2449E-01  0.3798E-02
  0.2527E-01  0.1504E-01  0.2056E-01  0.1736E-01
  0.3521E-01  0.2020E-01  0.3536E-01  0.1176E-01
 Relative number of events:
  0.2790E-01  0.3157E-01  0.2570E-01  0.3671E-01
  0.3451E-01  0.3744E-01  0.4258E-01  0.3891E-01
  0.2423E-01  0.3524E-01  0.2349E-01  0.3010E-01
  0.2643E-01  0.3304E-01  0.3524E-01  0.2863E-01
  0.2349E-01  0.2643E-01  0.3965E-01  0.3377E-01
  0.2863E-01  0.3377E-01  0.3965E-01  0.2570E-01
  0.2863E-01  0.3157E-01  0.2349E-01  0.2863E-01
  0.3744E-01  0.2570E-01  0.3451E-01  0.2717E-01
 Events:
          38          43          35          50
          47          51          58          53
          33          48          32          41
          36          45          48          39
          32          36          54          46
          39          46          54          35
          39          43          32          39
          51          35          47          37
 Iteration  3   Mean: 0.1048E-05 Abs mean: 0.1048E-05   Fluctuation:  0.897E-07   0.213E-03     0.6%
  3    0.1048E-05 0.1048E-05 +- 0.8968E-07      5.41
 Relative summed weights:
  0.1741E-01  0.2638E-01  0.2431E-01  0.2164E-01
  0.2141E-01  0.7400E-01  0.1599E-01  0.4459E-01
  0.3249E-01  0.5408E-01  0.3032E-01  0.2060E-01
  0.3157E-01  0.3447E-01  0.2687E-01  0.2725E-01
  0.2194E-01  0.2735E-01  0.2760E-01  0.2224E-01
  0.1646E-01  0.4220E-01  0.5652E-01  0.6479E-01
  0.2031E-01  0.2761E-01  0.2987E-01  0.2629E-01
  0.3993E-01  0.1977E-01  0.1716E-01  0.3659E-01
 Relative number of events:
  0.3350E-01  0.3100E-01  0.3200E-01  0.3250E-01
  0.3200E-01  0.3450E-01  0.3025E-01  0.3000E-01
  0.3275E-01  0.2950E-01  0.3350E-01  0.2725E-01
  0.3200E-01  0.2900E-01  0.2800E-01  0.3125E-01
  0.2850E-01  0.3100E-01  0.3325E-01  0.2575E-01
  0.3275E-01  0.3750E-01  0.3200E-01  0.3300E-01
  0.2900E-01  0.2900E-01  0.3275E-01  0.3250E-01
  0.3075E-01  0.2925E-01  0.3500E-01  0.2900E-01
 Events:
         134         124         128         130
         128         138         121         120
         131         118         134         109
         128         116         112         125
         114         124         133         103
         131         150         128         132
         116         116         131         130
         123         117         140         116
 Accuracy:    0.095   0.100   0.075   1.603
 Finished due to accuracy    9.5336897764686901E-002  0.10000000000000001     

 -------------------------------------------------------------------------------
 Accumulated results:   Integral =  0.9998E-06
                        Std dev  =  0.7529E-07
                       Cross sec =  0.9998E-06
             Chi**2 per DoF.     =      1.6027
 -------------------------------------------------------------------------------
 Found         3379  events.
 Wrote           19  events.
 Actual xsec    9.9978715879775145E-007
 Correct abs xsec    9.9978715879775145E-007
 Event xsec    9.9978715879775145E-007
 Events wgts > 1:            1
 % Cross section > 1:    3.8975593469432274E-015   3.8983890847628611E-007
-------------------------------------------------
---------------------------
 Results Last   3 iters: Integral =   0.9998E-06
                     Abs integral =   0.9998E-06
                          Std dev =   0.7529E-07
                  Chi**2 per DoF. =      5.7252
-------------------------------------------------
---------------------------
 Status  0.10000000000000001                4           5

ls status:
events.lhe
ftn26
input_app.txt
results.dat
run1_app.log
run_01_log.txt
