1 >> Epoch <<   Data Set |  Loss %(d4, d3, t4, t3) | Norm  | r_max | % AUC | % AUC | AUC Bar Graph ^ (ABC, Max Loss, chi2/bin, p-value) * Output Model
1 >>  1/20 <<   Training | 0.8867 (38, 39,  6, 17) | 0.967 | -20.0 | 83.25 | 64.79 |---------------------------|
1             Validation | 0.8872 (38, 39,  6, 17) | 0.934 | -20.0 | 83.37 | 64.57 |#########################| ^ (1.9%, 13.21, 5.2, 0%) 
1                Control | 0.9143 (36, 38,  6, 20) | 0.924 |  10.4 | 82.51 | 64.22 |$$$$$$$$$$$$$$$$$$$$$$| 
setGhostBatches(32)
Increase training batch size: 1024 -> 2048 (920 batches)
Decay learning rate: 0.010000 -> 0.005000
1 >>  2/20 <<   Training | 0.8753 (39, 38,  6, 17) | 1.011 | -20.0 | 83.92 | 65.81 |--------------------------------------|
1             Validation | 0.8767 (38, 38,  7, 17) | 0.976 |  13.6 | 83.99 | 65.51 |###################################| ^ (2.3%, 4.00, 3.7, 0%) 
1                Control | 0.9029 (37, 37,  6, 20) | 0.992 |  -9.6 | 83.00 | 65.51 |$$$$$$$$$$$$$$$$$$$$$$$$$$$$$$$$$$$| 
1 >>  3/20 <<   Training | 0.8745 (40, 38,  6, 16) | 1.054 |   9.4 | 84.09 | 65.49 |----------------------------------|
1             Validation | 0.8752 (39, 38,  6, 16) | 1.017 |  -9.9 | 84.21 | 65.22 |################################| ^ (2.0%, 3.26, 5.0, 0%) 
1                Control | 0.9007 (38, 37,  6, 19) | 1.042 |   8.2 | 83.27 | 65.10 |$$$$$$$$$$$$$$$$$$$$$$$$$$$$$$$| 
setGhostBatches(16)
Increase training batch size: 2048 -> 4096 (460 batches)
Decay learning rate: 0.005000 -> 0.002500
1 >>  4/20 <<   Training | 0.8686 (39, 39,  6, 17) | 0.989 |  14.9 | 84.55 | 66.43 |--------------------------------------------|
1             Validation | 0.8697 (38, 39,  6, 17) | 0.954 |  11.7 | 84.67 | 66.16 |#########################################| ^ (1.9%, 2.90, 3.9, 0%) 
1                Control | 0.8951 (37, 37,  6, 19) | 0.971 |  10.9 | 83.81 | 66.00 |$$$$$$$$$$$$$$$$$$$$$$$$$$$$$$$$$$$$$$$$| 
1 >>  5/20 <<   Training | 0.8679 (39, 39,  6, 16) | 1.002 |  19.5 | 84.59 | 66.27 |------------------------------------------|
1             Validation | 0.8689 (38, 39,  6, 16) | 0.968 |   9.3 | 84.73 | 65.99 |#######################################| ^ (2.0%, 2.83, 4.3, 0%) 
1                Control | 0.8933 (37, 38,  6, 19) | 0.986 |   9.3 | 83.96 | 65.85 |$$$$$$$$$$$$$$$$$$$$$$$$$$$$$$$$$$$$$$| 
1 >>  6/20 <<   Training | 0.8677 (39, 39,  6, 16) | 0.994 |  20.0 | 84.68 | 66.29 |------------------------------------------|
1             Validation | 0.8686 (38, 39,  6, 16) | 0.960 |  15.1 | 84.82 | 66.04 |########################################| ^ (1.8%, 2.86, 3.9, 0%) 
1                Control | 0.8930 (37, 38,  6, 19) | 0.975 |  17.7 | 84.07 | 65.88 |$$$$$$$$$$$$$$$$$$$$$$$$$$$$$$$$$$$$$$| 
setGhostBatches(8)
Increase training batch size: 4096 -> 8192 (230 batches)
Decay learning rate: 0.002500 -> 0.001250
1 >>  7/20 <<   Training | 0.8660 (39, 38,  6, 17) | 1.027 |  20.0 | 84.78 | 66.61 |----------------------------------------------|
1             Validation | 0.8672 (39, 38,  6, 17) | 0.992 |  10.7 | 84.89 | 66.28 |##########################################| ^ (2.1%, 3.04, 4.4, 0%) 
1                Control | 0.8922 (38, 37,  6, 19) | 1.008 |  10.3 | 84.11 | 66.11 |$$$$$$$$$$$$$$$$$$$$$$$$$$$$$$$$$$$$$$$$$| 
1 >>  8/20 <<   Training | 0.8656 (39, 38,  6, 16) | 1.018 |  16.1 | 84.81 | 66.48 |--------------------------------------------|
1             Validation | 0.8669 (38, 39,  6, 16) | 0.983 |   9.1 | 84.93 | 66.11 |#########################################| ^ (2.3%, 2.92, 3.9, 0%) 
1                Control | 0.8912 (37, 37,  6, 19) | 1.000 |   9.2 | 84.17 | 65.99 |$$$$$$$$$$$$$$$$$$$$$$$$$$$$$$$$$$$$$$$| 
1 >>  9/20 <<   Training | 0.8652 (39, 38,  6, 16) | 1.021 |  20.0 | 84.84 | 66.61 |----------------------------------------------|
1             Validation | 0.8666 (38, 39,  6, 17) | 0.986 |  16.7 | 84.95 | 66.22 |##########################################| ^ (2.4%, 3.00, 3.8, 0%) 
1                Control | 0.8910 (38, 37,  6, 19) | 1.002 |  11.1 | 84.21 | 66.09 |$$$$$$$$$$$$$$$$$$$$$$$$$$$$$$$$$$$$$$$$| 
1 >> 10/20 <<   Training | 0.8649 (39, 38,  6, 17) | 1.018 |  20.0 | 84.89 | 66.67 |----------------------------------------------|
1             Validation | 0.8665 (38, 39,  6, 17) | 0.983 |  10.9 | 84.99 | 66.26 |##########################################| ^ (2.6%, 3.00, 3.9, 0%) 
1                Control | 0.8913 (38, 37,  6, 19) | 0.999 |  12.5 | 84.23 | 66.10 |$$$$$$$$$$$$$$$$$$$$$$$$$$$$$$$$$$$$$$$$$| 
setGhostBatches(4)
Increase training batch size: 8192 -> 16384 (115 batches)
Decay learning rate: 0.001250 -> 0.000625
1 >> 11/20 <<   Training | 0.8645 (39, 39,  6, 16) | 0.997 |  20.0 | 84.91 | 66.56 |---------------------------------------------|
1             Validation | 0.8662 (38, 39,  6, 16) | 0.962 |  11.7 | 85.02 | 66.14 |#########################################| ^ (2.7%, 3.01, 3.9, 0%) 
1                Control | 0.8904 (37, 38,  6, 19) | 0.982 |  14.0 | 84.27 | 66.03 |$$$$$$$$$$$$$$$$$$$$$$$$$$$$$$$$$$$$$$$$| 
1 >> 12/20 <<   Training | 0.8643 (39, 39,  6, 16) | 1.004 |  20.0 | 84.93 | 66.64 |----------------------------------------------|
1             Validation | 0.8660 (38, 39,  6, 16) | 0.969 |  10.6 | 85.03 | 66.22 |##########################################| ^ (2.6%, 3.06, 3.8, 0%) 
1                Control | 0.8904 (37, 38,  6, 19) | 0.985 |  12.0 | 84.28 | 66.08 |$$$$$$$$$$$$$$$$$$$$$$$$$$$$$$$$$$$$$$$$| 
1 >> 13/20 <<   Training | 0.8642 (38, 39,  6, 16) | 0.989 |  20.0 | 84.93 | 66.57 |---------------------------------------------|
1             Validation | 0.8660 (38, 39,  6, 16) | 0.954 |  10.9 | 85.04 | 66.16 |#########################################| ^ (2.6%, 3.06, 4.0, 0%) 
1                Control | 0.8901 (37, 38,  6, 19) | 0.974 |  13.0 | 84.29 | 66.04 |$$$$$$$$$$$$$$$$$$$$$$$$$$$$$$$$$$$$$$$$| 
1 >> 14/20 <<   Training | 0.8641 (39, 39,  6, 16) | 0.996 |  19.4 | 84.94 | 66.59 |---------------------------------------------|
1             Validation | 0.8659 (38, 39,  6, 16) | 0.962 |  10.5 | 85.04 | 66.15 |#########################################| ^ (2.8%, 3.04, 4.0, 0%) 
1                Control | 0.8901 (37, 38,  6, 19) | 0.980 |  11.5 | 84.31 | 66.03 |$$$$$$$$$$$$$$$$$$$$$$$$$$$$$$$$$$$$$$$$| 
1 >> 15/20 <<   Training | 0.8638 (39, 39,  6, 17) | 1.003 |  18.5 | 84.97 | 66.68 |----------------------------------------------|
1             Validation | 0.8657 (38, 39,  6, 17) | 0.968 |  11.2 | 85.06 | 66.22 |##########################################| ^ (2.9%, 3.08, 3.6, 0%) 
1                Control | 0.8902 (37, 37,  6, 19) | 0.986 |  11.2 | 84.30 | 66.10 |$$$$$$$$$$$$$$$$$$$$$$$$$$$$$$$$$$$$$$$$| 
setGhostBatches(1)
Decay learning rate: 0.000625 -> 0.000313
1 >> 16/20 <<   Training | 0.8639 (39, 39,  6, 16) | 1.004 |  19.6 | 84.96 | 66.65 |----------------------------------------------|
1             Validation | 0.8657 (38, 39,  6, 16) | 0.969 |  10.8 | 85.06 | 66.20 |#########################################| ^ (2.7%, 3.11, 3.8, 0%) 
1                Control | 0.8900 (37, 38,  6, 19) | 0.987 |  11.1 | 84.32 | 66.07 |$$$$$$$$$$$$$$$$$$$$$$$$$$$$$$$$$$$$$$$$| 
setGhostBatches(0)
Decay learning rate: 0.000313 -> 0.000156
1 >> 17/20 <<   Training | 0.8638 (39, 38,  6, 17) | 1.014 |  17.7 | 84.96 | 66.67 |----------------------------------------------|
1             Validation | 0.8656 (38, 39,  6, 17) | 0.979 |  10.8 | 85.06 | 66.22 |##########################################| ^ (2.8%, 3.05, 3.8, 0%) 
1                Control | 0.8901 (37, 37,  6, 19) | 0.996 |  10.8 | 84.32 | 66.09 |$$$$$$$$$$$$$$$$$$$$$$$$$$$$$$$$$$$$$$$$| 
setGhostBatches(0)
Decay learning rate: 0.000156 -> 0.000078
1 >> 18/20 <<   Training | 0.8638 (39, 38,  6, 16) | 1.017 |  17.7 | 84.97 | 66.66 |----------------------------------------------|
1             Validation | 0.8656 (38, 39,  6, 16) | 0.981 |  10.8 | 85.07 | 66.20 |##########################################| ^ (2.8%, 3.08, 3.9, 0%) 
1                Control | 0.8899 (38, 37,  6, 19) | 0.999 |  10.8 | 84.32 | 66.07 |$$$$$$$$$$$$$$$$$$$$$$$$$$$$$$$$$$$$$$$$| 
setGhostBatches(0)
Decay learning rate: 0.000078 -> 0.000039
1 >> 19/20 <<   Training | 0.8638 (39, 39,  6, 16) | 1.001 |  18.5 | 84.97 | 66.66 |----------------------------------------------|
1             Validation | 0.8657 (38, 39,  6, 16) | 0.966 |  11.0 | 85.07 | 66.21 |##########################################| ^ (2.8%, 3.08, 3.7, 0%) 
1                Control | 0.8900 (37, 38,  6, 19) | 0.984 |  11.3 | 84.32 | 66.08 |$$$$$$$$$$$$$$$$$$$$$$$$$$$$$$$$$$$$$$$$| 
setGhostBatches(0)
Decay learning rate: 0.000039 -> 0.000020
1 >> 20/20 <<   Training | 0.8638 (39, 39,  6, 16) | 1.002 |  18.6 | 84.97 | 66.66 |----------------------------------------------|
1             Validation | 0.8657 (38, 39,  6, 16) | 0.968 |  11.0 | 85.07 | 66.20 |#########################################| ^ (2.8%, 3.09, 3.7, 0%) 
1                Control | 0.8899 (37, 38,  6, 19) | 0.986 |  11.3 | 84.32 | 66.07 |$$$$$$$$$$$$$$$$$$$$$$$$$$$$$$$$$$$$$$$$| * ZZ4b/nTupleAnalysis/pytorchModels/FvT_HCR+attention_14_np2980_lr0.01_epochs20_offset1_epoch20.pkl
setGhostBatches(0)
Decay learning rate: 0.000020 -> 0.000010
