0 >> Epoch <<   Data Set |  Loss %(d4, d3, t4, t3) | Norm  | r_max | % AUC | % AUC | AUC Bar Graph ^ (ABC, Max Loss, chi2/bin, p-value) * Output Model
0 >>  1/20 <<   Training | 0.8930 (37, 39,  6, 17) | 0.940 | -11.6 | 82.82 | 63.09 |----------|
0             Validation | 0.8948 (39, 39,  6, 17) | 0.975 |   8.7 | 82.83 | 62.63 |######| ^ (3.6%, 3.42, 4.4, 0%) 
0                Control | 0.9225 (36, 37,  6, 20) | 0.944 |   8.7 | 81.93 | 62.53 |$$$$$| 
setGhostBatches(32)
Increase training batch size: 1024 -> 2048 (920 batches)
Decay learning rate: 0.010000 -> 0.005000
0 >>  2/20 <<   Training | 0.8773 (40, 38,  6, 16) | 1.053 |   8.4 | 83.85 | 65.86 |--------------------------------------|
0             Validation | 0.8809 (41, 38,  6, 15) | 1.091 |   8.0 | 83.85 | 65.22 |################################| ^ (4.0%, 2.85, 4.0, 0%) 
0                Control | 0.9057 (39, 37,  6, 18) | 1.050 |   8.0 | 82.85 | 65.11 |$$$$$$$$$$$$$$$$$$$$$$$$$$$$$$$| 
0 >>  3/20 <<   Training | 0.8740 (37, 39,  6, 18) | 0.976 |   7.8 | 84.14 | 65.97 |---------------------------------------|
0             Validation | 0.8765 (38, 38,  6, 18) | 1.012 |   4.9 | 84.11 | 65.25 |################################| ^ (4.5%, 3.47, 4.8, 0%) 
0                Control | 0.9024 (36, 37,  6, 21) | 0.975 |   4.9 | 83.32 | 65.35 |$$$$$$$$$$$$$$$$$$$$$$$$$$$$$$$$$| 
setGhostBatches(16)
Increase training batch size: 2048 -> 4096 (460 batches)
Decay learning rate: 0.005000 -> 0.002500
0 >>  4/20 <<   Training | 0.8680 (38, 39,  6, 16) | 0.984 |  10.8 | 84.46 | 66.60 |---------------------------------------------|
0             Validation | 0.8719 (40, 38,  6, 16) | 1.020 |  10.5 | 84.46 | 65.78 |#####################################| ^ (4.9%, 3.29, 4.0, 0%) 
0                Control | 0.8947 (37, 37,  6, 19) | 0.985 |   8.9 | 83.78 | 65.92 |$$$$$$$$$$$$$$$$$$$$$$$$$$$$$$$$$$$$$$$| 
0 >>  5/20 <<   Training | 0.8677 (38, 39,  6, 16) | 0.978 |   9.0 | 84.55 | 66.42 |--------------------------------------------|
0             Validation | 0.8715 (40, 39,  6, 16) | 1.014 |   8.5 | 84.55 | 65.63 |####################################| ^ (4.8%, 3.25, 5.3, 0%) 
0                Control | 0.8937 (37, 38,  6, 19) | 0.980 |   7.5 | 83.92 | 65.73 |$$$$$$$$$$$$$$$$$$$$$$$$$$$$$$$$$$$$$| 
0 >>  6/20 <<   Training | 0.8663 (38, 39,  6, 17) | 0.973 |  10.2 | 84.64 | 66.58 |---------------------------------------------|
0             Validation | 0.8714 (39, 38,  6, 16) | 1.009 |   9.4 | 84.63 | 65.55 |###################################| ^ (6.2%, 3.52, 4.5, 0%) 
0                Control | 0.8930 (37, 38,  6, 19) | 0.972 |   8.8 | 84.02 | 65.82 |$$$$$$$$$$$$$$$$$$$$$$$$$$$$$$$$$$$$$$| 
setGhostBatches(8)
Increase training batch size: 4096 -> 8192 (230 batches)
Decay learning rate: 0.002500 -> 0.001250
0 >>  7/20 <<   Training | 0.8652 (38, 39,  6, 16) | 0.985 |   9.7 | 84.75 | 66.71 |-----------------------------------------------|
0             Validation | 0.8703 (40, 38,  6, 16) | 1.021 |   9.0 | 84.74 | 65.72 |#####################################| ^ (5.9%, 3.31, 4.4, 0%) 
0                Control | 0.8922 (37, 37,  6, 19) | 0.983 |   9.3 | 84.09 | 65.91 |$$$$$$$$$$$$$$$$$$$$$$$$$$$$$$$$$$$$$$$| 
0 >>  8/20 <<   Training | 0.8648 (39, 38,  6, 16) | 1.008 |   9.9 | 84.80 | 66.78 |-----------------------------------------------|
0             Validation | 0.8699 (40, 37,  6, 16) | 1.045 |   9.3 | 84.79 | 65.79 |#####################################| ^ (5.8%, 3.42, 4.0, 0%) 
0                Control | 0.8918 (38, 37,  6, 19) | 1.005 |   9.5 | 84.13 | 65.97 |$$$$$$$$$$$$$$$$$$$$$$$$$$$$$$$$$$$$$$$| 
0 >>  9/20 <<   Training | 0.8647 (39, 39,  6, 16) | 0.995 |   9.5 | 84.84 | 66.66 |----------------------------------------------|
0             Validation | 0.8699 (40, 38,  6, 16) | 1.031 |   9.0 | 84.83 | 65.68 |####################################| ^ (5.9%, 3.41, 4.2, 0%) 
0                Control | 0.8914 (38, 38,  6, 18) | 0.998 |   9.2 | 84.15 | 65.86 |$$$$$$$$$$$$$$$$$$$$$$$$$$$$$$$$$$$$$$| 
0 >> 10/20 <<   Training | 0.8642 (39, 38,  6, 17) | 1.013 |   9.2 | 84.88 | 66.89 |------------------------------------------------|
0             Validation | 0.8697 (40, 37,  6, 16) | 1.049 |   8.7 | 84.85 | 65.85 |######################################| ^ (6.1%, 3.27, 4.2, 0%) 
0                Control | 0.8918 (38, 37,  6, 19) | 1.009 |   9.1 | 84.17 | 66.07 |$$$$$$$$$$$$$$$$$$$$$$$$$$$$$$$$$$$$$$$$| 
setGhostBatches(4)
Increase training batch size: 8192 -> 16384 (115 batches)
Decay learning rate: 0.001250 -> 0.000625
0 >> 11/20 <<   Training | 0.8637 (39, 39,  6, 16) | 0.996 |   9.8 | 84.90 | 66.79 |-----------------------------------------------|
0             Validation | 0.8692 (40, 38,  6, 16) | 1.032 |   9.3 | 84.87 | 65.76 |#####################################| ^ (6.2%, 3.40, 4.2, 0%) 
0                Control | 0.8909 (38, 37,  6, 19) | 0.996 |   9.0 | 84.22 | 65.97 |$$$$$$$$$$$$$$$$$$$$$$$$$$$$$$$$$$$$$$$| 
0 >> 12/20 <<   Training | 0.8636 (39, 39,  6, 16) | 1.005 |   9.3 | 84.93 | 66.78 |-----------------------------------------------|
0             Validation | 0.8692 (40, 38,  6, 16) | 1.042 |   8.9 | 84.90 | 65.73 |#####################################| ^ (6.2%, 3.48, 4.0, 0%) 
0                Control | 0.8908 (38, 37,  6, 19) | 1.004 |   8.7 | 84.23 | 65.94 |$$$$$$$$$$$$$$$$$$$$$$$$$$$$$$$$$$$$$$$| 
0 >> 13/20 <<   Training | 0.8636 (39, 39,  6, 16) | 0.992 |  10.0 | 84.92 | 66.81 |------------------------------------------------|
0             Validation | 0.8693 (40, 38,  6, 16) | 1.028 |   9.4 | 84.88 | 65.74 |#####################################| ^ (6.4%, 3.52, 4.0, 0%) 
0                Control | 0.8908 (38, 37,  6, 19) | 0.992 |   9.2 | 84.24 | 65.98 |$$$$$$$$$$$$$$$$$$$$$$$$$$$$$$$$$$$$$$$| 
0 >> 14/20 <<   Training | 0.8633 (39, 39,  6, 16) | 0.996 |   9.8 | 84.94 | 66.81 |------------------------------------------------|
0             Validation | 0.8690 (40, 38,  6, 16) | 1.032 |   9.3 | 84.92 | 65.74 |#####################################| ^ (6.4%, 3.52, 4.0, 0%) 
0                Control | 0.8907 (38, 37,  6, 19) | 0.997 |   9.2 | 84.25 | 65.97 |$$$$$$$$$$$$$$$$$$$$$$$$$$$$$$$$$$$$$$$| 
0 >> 15/20 <<   Training | 0.8632 (38, 39,  6, 16) | 0.980 |  10.1 | 84.97 | 66.78 |-----------------------------------------------|
0             Validation | 0.8689 (40, 38,  6, 16) | 1.016 |   9.6 | 84.94 | 65.72 |#####################################| ^ (6.4%, 3.54, 4.6, 0%) 
0                Control | 0.8906 (37, 38,  6, 19) | 0.982 |   9.5 | 84.26 | 65.94 |$$$$$$$$$$$$$$$$$$$$$$$$$$$$$$$$$$$$$$$| 
setGhostBatches(1)
Decay learning rate: 0.000625 -> 0.000313
0 >> 16/20 <<   Training | 0.8632 (39, 39,  6, 16) | 0.994 |   9.6 | 84.96 | 66.80 |-----------------------------------------------|
0             Validation | 0.8689 (40, 38,  6, 16) | 1.030 |   9.1 | 84.94 | 65.72 |#####################################| ^ (6.4%, 3.53, 4.1, 0%) 
0                Control | 0.8905 (38, 37,  6, 19) | 0.995 |   9.0 | 84.27 | 65.95 |$$$$$$$$$$$$$$$$$$$$$$$$$$$$$$$$$$$$$$$| 
setGhostBatches(0)
Decay learning rate: 0.000313 -> 0.000156
0 >> 17/20 <<   Training | 0.8632 (39, 38,  6, 16) | 1.024 |   9.2 | 84.97 | 66.83 |------------------------------------------------|
0             Validation | 0.8691 (41, 37,  6, 16) | 1.061 |   8.7 | 84.94 | 65.75 |#####################################| ^ (6.4%, 3.49, 3.9, 0%) 
0                Control | 0.8905 (38, 37,  6, 19) | 1.024 |   8.7 | 84.28 | 65.98 |$$$$$$$$$$$$$$$$$$$$$$$$$$$$$$$$$$$$$$$| 
setGhostBatches(0)
Decay learning rate: 0.000156 -> 0.000078
0 >> 18/20 <<   Training | 0.8631 (39, 38,  6, 16) | 1.022 |   9.2 | 84.97 | 66.83 |------------------------------------------------|
0             Validation | 0.8691 (41, 37,  6, 16) | 1.059 |   8.7 | 84.94 | 65.75 |#####################################| ^ (6.5%, 3.51, 4.0, 0%) 
0                Control | 0.8905 (38, 37,  6, 19) | 1.022 |   8.7 | 84.28 | 65.97 |$$$$$$$$$$$$$$$$$$$$$$$$$$$$$$$$$$$$$$$| 
setGhostBatches(0)
Decay learning rate: 0.000078 -> 0.000039
0 >> 19/20 <<   Training | 0.8631 (39, 39,  6, 16) | 0.995 |   9.5 | 84.98 | 66.81 |------------------------------------------------|
0             Validation | 0.8689 (40, 38,  6, 16) | 1.031 |   9.1 | 84.95 | 65.73 |#####################################| ^ (6.4%, 3.51, 4.2, 0%) 
0                Control | 0.8904 (38, 37,  6, 19) | 0.996 |   9.1 | 84.28 | 65.96 |$$$$$$$$$$$$$$$$$$$$$$$$$$$$$$$$$$$$$$$| 
setGhostBatches(0)
Decay learning rate: 0.000039 -> 0.000020
0 >> 20/20 <<   Training | 0.8631 (39, 39,  6, 16) | 0.999 |   9.5 | 84.98 | 66.82 |------------------------------------------------|
0             Validation | 0.8688 (40, 38,  6, 16) | 1.035 |   9.0 | 84.95 | 65.74 |#####################################| ^ (6.4%, 3.50, 4.2, 0%) 
0                Control | 0.8904 (38, 37,  6, 19) | 0.999 |   9.0 | 84.28 | 65.97 |$$$$$$$$$$$$$$$$$$$$$$$$$$$$$$$$$$$$$$$| * ZZ4b/nTupleAnalysis/pytorchModels/FvT_HCR+attention_14_np2980_lr0.01_epochs20_offset0_epoch20.pkl
setGhostBatches(0)
Decay learning rate: 0.000020 -> 0.000010
