2 >> Epoch <<   Data Set |  Loss %(d4, d3, t4, t3) | Norm  | r_max | % AUC | % AUC | AUC Bar Graph ^ (ABC, Max Loss, chi2/bin, p-value) * Output Model
2 >>  1/20 <<   Training | 0.8933 (35, 42,  6, 17) | 0.814 | -20.0 | 83.02 | 64.29 |----------------------|
2             Validation | 0.8966 (35, 42,  6, 17) | 0.812 | -20.0 | 82.66 | 64.12 |#####################| ^ (1.8%, 10.01, 1.3, 16%) 
2                Control | 0.9211 (34, 41,  6, 20) | 0.810 | -20.0 | 81.96 | 63.94 |$$$$$$$$$$$$$$$$$$$| 
setGhostBatches(32)
Increase training batch size: 1024 -> 2048 (920 batches)
Decay learning rate: 0.010000 -> 0.005000
2 >>  2/20 <<   Training | 0.8750 (40, 38,  6, 16) | 1.053 | -12.8 | 84.14 | 65.96 |---------------------------------------|
2             Validation | 0.8808 (40, 38,  6, 16) | 1.050 |  -7.7 | 83.65 | 65.38 |#################################| ^ (3.8%, 9.31, 1.8, 1%) 
2                Control | 0.9021 (38, 37,  6, 19) | 1.026 |  -6.0 | 83.17 | 65.43 |$$$$$$$$$$$$$$$$$$$$$$$$$$$$$$$$$$| 
2 >>  3/20 <<   Training | 0.8750 (40, 36,  6, 17) | 1.100 |  -7.4 | 84.32 | 65.84 |--------------------------------------|
2             Validation | 0.8807 (40, 36,  6, 17) | 1.096 | -17.3 | 83.82 | 65.25 |################################| ^ (3.8%, 6.84, 1.5, 5%) 
2                Control | 0.9023 (38, 36,  6, 20) | 1.060 |   6.4 | 83.28 | 65.42 |$$$$$$$$$$$$$$$$$$$$$$$$$$$$$$$$$$| 
setGhostBatches(16)
Increase training batch size: 2048 -> 4096 (460 batches)
Decay learning rate: 0.005000 -> 0.002500
2 >>  4/20 <<   Training | 0.8677 (39, 39,  6, 16) | 0.996 |  17.5 | 84.66 | 66.30 |-------------------------------------------|
2             Validation | 0.8738 (39, 39,  6, 16) | 0.993 |   9.0 | 84.17 | 65.75 |#####################################| ^ (3.4%, 12.73, 2.1, 0%) 
2                Control | 0.8943 (37, 38,  6, 19) | 0.983 |  17.5 | 83.79 | 65.82 |$$$$$$$$$$$$$$$$$$$$$$$$$$$$$$$$$$$$$$| 
2 >>  5/20 <<   Training | 0.8663 (39, 38,  6, 16) | 1.002 | -20.0 | 84.79 | 66.43 |--------------------------------------------|
2             Validation | 0.8728 (39, 38,  6, 17) | 0.999 |   9.2 | 84.29 | 65.83 |######################################| ^ (3.7%, 15.36, 2.1, 0%) 
2                Control | 0.8932 (37, 37,  6, 19) | 0.995 |  20.0 | 83.92 | 65.94 |$$$$$$$$$$$$$$$$$$$$$$$$$$$$$$$$$$$$$$$| 
2 >>  6/20 <<   Training | 0.8656 (39, 38,  6, 16) | 1.011 | -20.0 | 84.88 | 66.55 |---------------------------------------------|
2             Validation | 0.8720 (39, 38,  6, 16) | 1.007 | -12.5 | 84.38 | 65.98 |#######################################| ^ (3.5%, 16.25, 2.1, 0%) 
2                Control | 0.8920 (38, 37,  6, 19) | 1.005 |  17.9 | 84.06 | 66.04 |$$$$$$$$$$$$$$$$$$$$$$$$$$$$$$$$$$$$$$$$| 
setGhostBatches(8)
Increase training batch size: 4096 -> 8192 (230 batches)
Decay learning rate: 0.002500 -> 0.001250
2 >>  7/20 <<   Training | 0.8648 (38, 39,  6, 16) | 0.991 | -15.6 | 84.94 | 66.41 |--------------------------------------------|
2             Validation | 0.8718 (39, 39,  6, 16) | 0.987 |   9.1 | 84.42 | 65.77 |#####################################| ^ (3.9%, 13.57, 1.4, 8%) 
2                Control | 0.8914 (37, 38,  6, 19) | 0.985 |  15.2 | 84.13 | 65.87 |$$$$$$$$$$$$$$$$$$$$$$$$$$$$$$$$$$$$$$| 
2 >>  8/20 <<   Training | 0.8643 (39, 38,  6, 16) | 1.011 |  16.4 | 85.00 | 66.56 |---------------------------------------------|
2             Validation | 0.8715 (39, 38,  6, 16) | 1.008 |  10.0 | 84.46 | 65.92 |#######################################| ^ (3.9%, 11.86, 1.2, 17%) 
2                Control | 0.8911 (38, 37,  6, 19) | 1.003 |  16.4 | 84.17 | 66.00 |$$$$$$$$$$$$$$$$$$$$$$$$$$$$$$$$$$$$$$$| 
2 >>  9/20 <<   Training | 0.8642 (38, 39,  6, 16) | 0.979 |  18.0 | 85.01 | 66.55 |---------------------------------------------|
2             Validation | 0.8717 (39, 39,  6, 16) | 0.976 |  10.9 | 84.49 | 65.90 |#######################################| ^ (3.9%, 11.70, 2.5, 0%) 
2                Control | 0.8911 (37, 38,  6, 19) | 0.974 |  18.0 | 84.19 | 66.00 |$$$$$$$$$$$$$$$$$$$$$$$$$$$$$$$$$$$$$$$| 
2 >> 10/20 <<   Training | 0.8636 (38, 39,  6, 16) | 0.965 |  15.9 | 85.07 | 66.54 |---------------------------------------------|
2             Validation | 0.8715 (38, 39,  6, 16) | 0.962 |  11.3 | 84.54 | 65.86 |######################################| ^ (4.1%, 9.92, 1.9, 1%) 
2                Control | 0.8910 (37, 38,  6, 19) | 0.962 |  15.9 | 84.22 | 65.93 |$$$$$$$$$$$$$$$$$$$$$$$$$$$$$$$$$$$$$$$| 
setGhostBatches(4)
Increase training batch size: 8192 -> 16384 (115 batches)
Decay learning rate: 0.001250 -> 0.000625
2 >> 11/20 <<   Training | 0.8631 (39, 39,  6, 16) | 1.004 |  15.2 | 85.09 | 66.60 |---------------------------------------------|
2             Validation | 0.8712 (39, 38,  6, 16) | 1.001 |   9.6 | 84.54 | 65.87 |######################################| ^ (4.4%, 9.09, 1.2, 19%) 
2                Control | 0.8903 (38, 37,  6, 19) | 0.997 |  15.2 | 84.26 | 65.97 |$$$$$$$$$$$$$$$$$$$$$$$$$$$$$$$$$$$$$$$| 
2 >> 12/20 <<   Training | 0.8630 (39, 39,  6, 16) | 1.000 |  14.1 | 85.09 | 66.56 |---------------------------------------------|
2             Validation | 0.8711 (39, 38,  6, 17) | 0.997 |   9.8 | 84.55 | 65.83 |######################################| ^ (4.4%, 8.46, 1.5, 6%) 
2                Control | 0.8902 (37, 37,  6, 19) | 0.994 |  14.1 | 84.27 | 65.94 |$$$$$$$$$$$$$$$$$$$$$$$$$$$$$$$$$$$$$$$| 
2 >> 13/20 <<   Training | 0.8629 (39, 38,  6, 16) | 1.014 |  14.9 | 85.12 | 66.64 |----------------------------------------------|
2             Validation | 0.8711 (39, 38,  6, 16) | 1.011 |   9.5 | 84.57 | 65.89 |######################################| ^ (4.5%, 7.77, 1.3, 13%) 
2                Control | 0.8901 (38, 37,  6, 19) | 1.005 |  14.9 | 84.28 | 66.01 |$$$$$$$$$$$$$$$$$$$$$$$$$$$$$$$$$$$$$$$$| 
2 >> 14/20 <<   Training | 0.8627 (39, 39,  6, 16) | 0.994 |  15.8 | 85.13 | 66.61 |----------------------------------------------|
2             Validation | 0.8710 (39, 38,  6, 16) | 0.991 |   9.9 | 84.59 | 65.87 |######################################| ^ (4.5%, 7.69, 1.1, 27%) 
2                Control | 0.8900 (37, 38,  6, 19) | 0.988 |  15.8 | 84.29 | 65.98 |$$$$$$$$$$$$$$$$$$$$$$$$$$$$$$$$$$$$$$$| 
2 >> 15/20 <<   Training | 0.8626 (39, 39,  6, 16) | 0.992 |  16.2 | 85.14 | 66.58 |---------------------------------------------|
2             Validation | 0.8710 (39, 39,  6, 16) | 0.988 |  10.0 | 84.59 | 65.84 |######################################| ^ (4.5%, 7.27, 1.3, 12%) 
2                Control | 0.8899 (37, 38,  6, 19) | 0.986 |  16.2 | 84.30 | 65.95 |$$$$$$$$$$$$$$$$$$$$$$$$$$$$$$$$$$$$$$$| 
setGhostBatches(1)
Decay learning rate: 0.000625 -> 0.000313
2 >> 16/20 <<   Training | 0.8625 (39, 39,  6, 16) | 1.004 |  15.7 | 85.15 | 66.62 |----------------------------------------------|
2             Validation | 0.8709 (39, 38,  6, 16) | 1.001 |   9.7 | 84.59 | 65.86 |######################################| ^ (4.6%, 6.79, 1.4, 9%) 
2                Control | 0.8899 (38, 37,  6, 19) | 0.997 |  15.7 | 84.31 | 65.97 |$$$$$$$$$$$$$$$$$$$$$$$$$$$$$$$$$$$$$$$| 
setGhostBatches(0)
Decay learning rate: 0.000313 -> 0.000156
2 >> 17/20 <<   Training | 0.8626 (39, 38,  6, 16) | 1.024 |  14.9 | 85.15 | 66.58 |---------------------------------------------|
2             Validation | 0.8713 (39, 38,  6, 16) | 1.020 |   9.5 | 84.59 | 65.80 |#####################################| ^ (4.8%, 6.95, 1.1, 25%) 
2                Control | 0.8899 (38, 37,  6, 19) | 1.018 |  14.9 | 84.31 | 65.92 |$$$$$$$$$$$$$$$$$$$$$$$$$$$$$$$$$$$$$$$| 
setGhostBatches(0)
Decay learning rate: 0.000156 -> 0.000078
2 >> 18/20 <<   Training | 0.8624 (39, 39,  6, 16) | 1.004 |  15.9 | 85.15 | 66.61 |----------------------------------------------|
2             Validation | 0.8710 (39, 38,  6, 16) | 1.001 |  10.0 | 84.60 | 65.84 |######################################| ^ (4.6%, 6.73, 1.3, 13%) 
2                Control | 0.8898 (38, 37,  6, 19) | 0.999 |  15.9 | 84.32 | 65.95 |$$$$$$$$$$$$$$$$$$$$$$$$$$$$$$$$$$$$$$$| 
setGhostBatches(0)
Decay learning rate: 0.000078 -> 0.000039
2 >> 19/20 <<   Training | 0.8624 (39, 39,  6, 16) | 1.001 |  16.1 | 85.15 | 66.61 |----------------------------------------------|
2             Validation | 0.8710 (39, 38,  6, 16) | 0.998 |  10.0 | 84.60 | 65.84 |######################################| ^ (4.6%, 6.68, 1.3, 15%) 
2                Control | 0.8898 (38, 37,  6, 19) | 0.996 |  16.1 | 84.32 | 65.96 |$$$$$$$$$$$$$$$$$$$$$$$$$$$$$$$$$$$$$$$| 
setGhostBatches(0)
Decay learning rate: 0.000039 -> 0.000020
2 >> 20/20 <<   Training | 0.8624 (39, 39,  6, 16) | 1.004 |  15.9 | 85.15 | 66.61 |----------------------------------------------|
2             Validation | 0.8710 (39, 38,  6, 16) | 1.000 |  10.0 | 84.60 | 65.84 |######################################| ^ (4.6%, 6.67, 1.2, 18%) 
2                Control | 0.8898 (38, 37,  6, 19) | 0.999 |  15.9 | 84.32 | 65.95 |$$$$$$$$$$$$$$$$$$$$$$$$$$$$$$$$$$$$$$$| * ZZ4b/nTupleAnalysis/pytorchModels/FvT_HCR+attention_14_np2980_lr0.01_epochs20_offset2_epoch20.pkl
setGhostBatches(0)
Decay learning rate: 0.000020 -> 0.000010
