 Process in group number            1
 A PDF is used, so alpha_s(MZ) is going to be modified
 Old value of alpha_s from param_card:   0.11799999999999999     
  ****************************************
 
       NNPDFDriver version 1.0.3
   Grid: NNPDF23_lo_as_0130_qed_mem0.grid
  ****************************************
 New value of alpha_s from PDF nn23lo1:  0.13000000000000000     
 Define smin to   6400.0000000000000     
 Define smin to   6400.0000000000000     
 *****************************************************
 *               MadGraph/MadEvent                   *
 *        --------------------------------           *
 *          http://madgraph.hep.uiuc.edu             *
 *          http://madgraph.phys.ucl.ac.be           *
 *          http://madgraph.roma2.infn.it            *
 *        --------------------------------           *
 *                                                   *
 *          PARAMETER AND COUPLING VALUES            *
 *                                                   *
 *****************************************************

  External Params
  ---------------------------------
  
 mdl_MB =    4.7000000000000002     
 mdl_MT =    173.00000000000000     
 mdl_MTA =    1.7769999999999999     
 mdl_MZ =    91.188000000000002     
 mdl_MH =    125.00000000000000     
 aEWM1 =    132.50700000000001     
 mdl_Gf =    1.1663900000000000E-005
 aS =   0.11799999999999999     
 mdl_ymb =    4.7000000000000002     
 mdl_ymt =    173.00000000000000     
 mdl_ymtau =    1.7769999999999999     
 mdl_WT =    1.4915000000000000     
 mdl_WZ =    2.4414039999999999     
 mdl_WW =    2.0476000000000001     
 mdl_WH =    6.3823389999999999E-003
  Internal Params
  ---------------------------------
  
 mdl_conjg__CKM3x3 =    1.0000000000000000     
 mdl_CKM3x3 =    1.0000000000000000     
 mdl_conjg__CKM1x1 =    1.0000000000000000     
 mdl_complexi =                (0.0000000000000000,1.0000000000000000)
 mdl_MZ__exp__2 =    8315.2513440000002     
 mdl_MZ__exp__4 =    69143404.913893804     
 mdl_sqrt__2 =    1.4142135623730951     
 mdl_MH__exp__2 =    15625.000000000000     
 mdl_aEW =    7.5467711139788835E-003
 mdl_MW =    80.419002445756163     
 mdl_sqrt__aEW =    8.6872153846781555E-002
 mdl_ee =   0.30795376724436879     
 mdl_MW__exp__2 =    6467.2159543705357     
 mdl_sw2 =   0.22224648578577766     
 mdl_cw =   0.88190334743339216     
 mdl_sqrt__sw2 =   0.47143025548407230     
 mdl_sw =   0.47143025548407230     
 mdl_g1 =   0.34919219678733299     
 mdl_gw =   0.65323293034757990     
 mdl_vev =    246.21845810181637     
 mdl_vev__exp__2 =    60623.529110035903     
 mdl_lam =   0.12886910601690263     
 mdl_yb =    2.6995554250465490E-002
 mdl_yt =   0.99366614581500623     
 mdl_ytau =    1.0206617000654717E-002
 mdl_muH =    88.388347648318430     
 mdl_I1x33 =          (2.69955542504654901E-002,0.0000000000000000)
 mdl_I2x33 =               (0.99366614581500623,0.0000000000000000)
 mdl_I3x33 =               (0.99366614581500623,0.0000000000000000)
 mdl_I4x33 =          (2.69955542504654901E-002,0.0000000000000000)
 mdl_ee__exp__2 =    9.4835522759998875E-002
 mdl_sw__exp__2 =   0.22224648578577769     
 mdl_cw__exp__2 =   0.77775351421422245     
  Internal Params evaluated point by point
  ----------------------------------------
  
 mdl_sqrt__aS =   0.34351128074635334     
 mdl_G__exp__2 =    1.4828317324943823     
  Couplings of sm
  ---------------------------------
  
         GC_1 =  -0.00000E+00  -0.10265E+00
         GC_2 =   0.00000E+00   0.20530E+00
        GC_51 =   0.00000E+00   0.28804E+00
        GC_58 =  -0.00000E+00  -0.27437E-01
        GC_81 =   0.00000E+00   0.67544E+02
        GC_83 =  -0.00000E+00  -0.19089E-01

 Collider parameters:
 --------------------

 Running at P P   machine @    13000.000000000000       GeV
 PDF set = nn23lo1
 alpha_s(Mz)= 0.1300 running at 2 loops.
 alpha_s(Mz)= 0.1300 running at 2 loops.
 Renormalization scale set on event-by-event basis
 Factorization   scale set on event-by-event basis


 getting user params
Enter number of events and max and min iterations: 
 Number of events and iterations         1000           5           3
Enter desired fractional accuracy: 
 Desired fractional accuracy:   0.10000000000000001     
Enter 0 for fixed, 2 for adjustable grid: 
Suppress amplitude (0 no, 1 yes)? 
 Using suppressed amplitude.
Exact helicity sum (0 yes, n = number/event)? 
 Explicitly summing over helicities
Enter Configuration Number: 
Running Configuration Number:   41
 Not subdividing B.W.
 Attempting mappinvarients           1           6
 Completed mapping           6
 about to integrate           10        1000           5           3          10           1
 Using non-zero grid deformation.
 10 dimensions   1000 events 10 invarients  5 iterations  1 config(s),  (0.99)
 Using h-tuple random number sequence.
 Error opening grid
 Using Uniform Grid!          24
 Using uniform alpha   1.0000000000000000     
 Grid defined OK
 Set CM energy to      13000.00
 Mapping Graph          41  to config          41
 Setting BW          -1           1   91.188000000000002     
 Setting BW          -2           2   91.188000000000002     
Setting grid   3    0.94675E-05   1
 Transforming s_hat 1/s            9   1.4764485684640004E-004   6400.0000000000000        168999999.99999997     
  41   1   2   3   4   5   6   7   8   9  10
 Masses: 0.000E+00 0.000E+00 0.470E+01 0.470E+01 0.470E+01 0.470E+01
Using random seed offsets    41 :      1
  with seed                   33
 Ranmar initialization seeds       11989        9408
 
 ********************************************
 * You are using the DiscreteSampler module *
 *      part of the MG5_aMC framework       *
 *         Author: Valentin Hirschi         *
 ********************************************
 
  Particle       3       4       5       6
      Et >    20.0    20.0    20.0    20.0
       E >     0.0     0.0     0.0     0.0
     Eta <     3.0     3.0     3.0     3.0
   xqcut:      0.0     0.0     0.0     0.0
d R # 3  >    -0.0     0.4     0.4     0.4
d R # 4  >    -0.0    -0.0     0.4     0.4
d R # 5  >    -0.0    -0.0    -0.0     0.4
s min # 3>     0.0     0.0     0.0     0.0
s min # 4>     0.0     0.0     0.0     0.0
s min # 5>     0.0     0.0     0.0     0.0
xqcutij # 3>     0.0     0.0     0.0     0.0
xqcutij # 4>     0.0     0.0     0.0     0.0
xqcutij # 5>     0.0     0.0     0.0     0.0
 No cut BW           -1           1
 No cut BW           -2           2
 alpha_s for scale    129.21678768531672       is   0.12286225036613643     
 Added good helicity            1   5.4575865318786692       in event            1 local:           1
 Added good helicity            2   2.7959884797656050E-002  in event            1 local:           1
 Added good helicity            3   3.8506791308091418E-003  in event            1 local:           1
 Added good helicity            4  0.15918528513932462       in event            1 local:           1
 Added good helicity            5   1.6873177725621300E-003  in event            1 local:           1
 Added good helicity            6   1.9801234869485615E-007  in event            1 local:           1
 Added good helicity            7   1.8504445294218017E-005  in event            1 local:           1
 Added good helicity            8   5.4840634236698523E-005  in event            1 local:           1
 Added good helicity            9   1.9922286650040932E-002  in event            1 local:           1
 Added good helicity           10   1.4008268576873911E-004  in event            1 local:           1
 Added good helicity           11   1.4356669516253050E-005  in event            1 local:           1
 Added good helicity           12   1.0761819485102042E-003  in event            1 local:           1
 Added good helicity           13  0.36083205294120990       in event            1 local:           1
 Added good helicity           14   3.4675764656386788E-004  in event            1 local:           1
 Added good helicity           15   7.1026646527514305E-004  in event            1 local:           1
 Added good helicity           16   1.3499550619128545E-003  in event            1 local:           1
 Added good helicity           49   42.347471087362024       in event            1 local:           1
 Added good helicity           50   1.0951480336296456E-002  in event            1 local:           1
 Added good helicity           51   8.3548159529397717E-002  in event            1 local:           1
 Added good helicity           52   10.579747255302895       in event            1 local:           1
 Added good helicity           53  0.19114539668344507       in event            1 local:           1
 Added good helicity           54   2.1879404312244866E-005  in event            1 local:           1
 Added good helicity           55   1.0590322185113086E-003  in event            1 local:           1
 Added good helicity           56   7.8047880382043607E-003  in event            1 local:           1
 Added good helicity           57   8.4923118695061015E-002  in event            1 local:           1
 Added good helicity           58   3.7208344390097457E-004  in event            1 local:           1
 Added good helicity           59   8.0957103454319895E-004  in event            1 local:           1
 Added good helicity           60   2.0823911907456902E-002  in event            1 local:           1
 Added good helicity           61   4.4446466835675285       in event            1 local:           1
 Added good helicity           62   4.6170064241591322E-003  in event            1 local:           1
 Added good helicity           63   3.8899922834242324E-002  in event            1 local:           1
 Added good helicity           64  0.14842344133831092       in event            1 local:           1
 Added good helicity            1   5.4575865318786692       in event            1 local:           1
 Added good helicity            2   2.7959884797656039E-002  in event            1 local:           1
 Added good helicity            3   3.8506791308091383E-003  in event            1 local:           1
 Added good helicity            4  0.15918528513932437       in event            1 local:           1
 Added good helicity            5   1.6873177725621254E-003  in event            1 local:           1
 Added good helicity            6   1.9801234869485599E-007  in event            1 local:           1
 Added good helicity            7   1.8504445294218011E-005  in event            1 local:           1
 Added good helicity            8   5.4840634236698306E-005  in event            1 local:           1
 Added good helicity            9   1.9922286650040921E-002  in event            1 local:           1
 Added good helicity           10   1.4008268576873905E-004  in event            1 local:           1
 Added good helicity           11   1.4356669516253038E-005  in event            1 local:           1
 Added good helicity           12   1.0761819485102019E-003  in event            1 local:           1
 Added good helicity           13  0.36083205294120968       in event            1 local:           1
 Added good helicity           14   3.4675764656386853E-004  in event            1 local:           1
 Added good helicity           15   7.1026646527514326E-004  in event            1 local:           1
 Added good helicity           16   1.3499550619128517E-003  in event            1 local:           1
 Added good helicity           49   42.347471087362038       in event            1 local:           1
 Added good helicity           50   1.0951480336296395E-002  in event            1 local:           1
 Added good helicity           51   8.3548159529397856E-002  in event            1 local:           1
 Added good helicity           52   10.579747255302888       in event            1 local:           1
 Added good helicity           53  0.19114539668344477       in event            1 local:           1
 Added good helicity           54   2.1879404312244852E-005  in event            1 local:           1
 Added good helicity           55   1.0590322185113088E-003  in event            1 local:           1
 Added good helicity           56   7.8047880382043416E-003  in event            1 local:           1
 Added good helicity           57   8.4923118695060917E-002  in event            1 local:           1
 Added good helicity           58   3.7208344390097435E-004  in event            1 local:           1
 Added good helicity           59   8.0957103454319928E-004  in event            1 local:           1
 Added good helicity           60   2.0823911907456839E-002  in event            1 local:           1
 Added good helicity           61   4.4446466835675267       in event            1 local:           1
 Added good helicity           62   4.6170064241591304E-003  in event            1 local:           1
 Added good helicity           63   3.8899922834242283E-002  in event            1 local:           1
 Added good helicity           64  0.14842344133831090       in event            1 local:           1
 RESET CUMULATIVE VARIABLE
 RESET CUMULATIVE VARIABLE
 RESET CUMULATIVE VARIABLE
 Iteration  1   Mean: 0.9022E-01 Abs mean: 0.9022E-01   Fluctuation:  0.577E-02   0.151E+01    28.2%
  1    0.9022E-01 0.9022E-01 +- 0.5775E-02      2.02
 Writing out events   6.4004146952648312E-005   2.0240608608323729     
 Relative summed weights:
  0.5302E-01  0.4750E-01  0.7010E-01  0.9210E-01
  0.3783E-01  0.6506E-01  0.7316E-01  0.8827E-01
  0.3840E-01  0.5375E-01  0.6520E-01  0.7879E-01
  0.3565E-01  0.5233E-01  0.8774E-01  0.6109E-01
 Relative number of events:
  0.4361E-01  0.4163E-01  0.8028E-01  0.8028E-01
  0.5253E-01  0.4559E-01  0.8325E-01  0.7235E-01
  0.3766E-01  0.5550E-01  0.7433E-01  0.9415E-01
  0.4262E-01  0.4757E-01  0.7730E-01  0.7136E-01
 Events:
          44          42          81          81
          53          46          84          73
          38          56          75          95
          43          48          78          72
 Iteration  2   Mean: 0.8226E-01 Abs mean: 0.8226E-01   Fluctuation:  0.377E-02   0.272E+01    39.0%
  2    0.8226E-01 0.8226E-01 +- 0.3769E-02      2.05
 Relative summed weights:
  0.3008E-01  0.5107E-01  0.6746E-01  0.6298E-01
  0.6467E-01  0.4812E-01  0.7407E-01  0.9268E-01
  0.6142E-01  0.2812E-01  0.6866E-01  0.9037E-01
  0.4374E-01  0.3343E-01  0.8481E-01  0.9833E-01
 Relative number of events:
  0.4250E-01  0.5000E-01  0.7600E-01  0.7600E-01
  0.4250E-01  0.5100E-01  0.8000E-01  0.8800E-01
  0.4750E-01  0.4100E-01  0.7300E-01  0.9000E-01
  0.4300E-01  0.3250E-01  0.9000E-01  0.7700E-01
 Events:
          85         100         152         152
          85         102         160         176
          95          82         146         180
          86          65         180         154
 Iteration  3   Mean: 0.8257E-01 Abs mean: 0.8257E-01   Fluctuation:  0.234E-02   0.338E+01    44.4%
  3    0.8257E-01 0.8257E-01 +- 0.2337E-02      1.79
 Relative summed weights:
  0.5017E-01  0.4359E-01  0.7892E-01  0.7991E-01
  0.4461E-01  0.4844E-01  0.8074E-01  0.6430E-01
  0.4028E-01  0.5246E-01  0.8763E-01  0.8213E-01
  0.3875E-01  0.4606E-01  0.9649E-01  0.6548E-01
 Relative number of events:
  0.4325E-01  0.4600E-01  0.7775E-01  0.8475E-01
  0.4150E-01  0.4550E-01  0.8375E-01  0.8425E-01
  0.4200E-01  0.4300E-01  0.8350E-01  0.7950E-01
  0.4000E-01  0.4325E-01  0.8475E-01  0.7725E-01
 Events:
         173         184         311         339
         166         182         335         337
         168         172         334         318
         160         173         339         309
 Accuracy:    0.022   0.100   0.023   0.921
 Finished due to accuracy    2.1634906739110477E-002  0.10000000000000001     

 -------------------------------------------------------------------------------
 Accumulated results:   Integral =  0.8345E-01
                        Std dev  =  0.1881E-02
                       Cross sec =  0.8345E-01
             Chi**2 per DoF.     =      0.9215
 -------------------------------------------------------------------------------
 Found          806  events.
 Wrote          105  events.
 Actual xsec    8.3445379334543213E-002
 Correct abs xsec    8.3445379334543213E-002
 Event xsec    8.3445379334542991E-002
 Events wgts > 1:            2
 % Cross section > 1:    3.5419477631193786E-005   4.2446301896708574E-002
-------------------------------------------------
---------------------------
 Results Last   3 iters: Integral =   0.8345E-01
                     Abs integral =   0.8345E-01
                          Std dev =   0.1881E-02
                  Chi**2 per DoF. =      0.8079
-------------------------------------------------
---------------------------
 Status  0.10000000000000001                4           5

ls status:
events.lhe
ftn26
input_app.txt
multijob.dat
results.dat
run1_app.log
run_01_log.txt
