 Process in group number            1
 A PDF is used, so alpha_s(MZ) is going to be modified
 Old value of alpha_s from param_card:   0.11799999999999999     
  ****************************************
 
       NNPDFDriver version 1.0.3
   Grid: NNPDF23_lo_as_0130_qed_mem0.grid
  ****************************************
 New value of alpha_s from PDF nn23lo1:  0.13000000000000000     
 Define smin to   6400.0000000000000     
 Define smin to   6400.0000000000000     
 *****************************************************
 *               MadGraph/MadEvent                   *
 *        --------------------------------           *
 *          http://madgraph.hep.uiuc.edu             *
 *          http://madgraph.phys.ucl.ac.be           *
 *          http://madgraph.roma2.infn.it            *
 *        --------------------------------           *
 *                                                   *
 *          PARAMETER AND COUPLING VALUES            *
 *                                                   *
 *****************************************************

  External Params
  ---------------------------------
  
 mdl_MB =    4.7000000000000002     
 mdl_MT =    173.00000000000000     
 mdl_MTA =    1.7769999999999999     
 mdl_MZ =    91.188000000000002     
 mdl_MH =    125.00000000000000     
 aEWM1 =    132.50700000000001     
 mdl_Gf =    1.1663900000000000E-005
 aS =   0.11799999999999999     
 mdl_ymb =    4.7000000000000002     
 mdl_ymt =    173.00000000000000     
 mdl_ymtau =    1.7769999999999999     
 mdl_WT =    1.4915000000000000     
 mdl_WZ =    2.4414039999999999     
 mdl_WW =    2.0476000000000001     
 mdl_WH =    6.3823389999999999E-003
  Internal Params
  ---------------------------------
  
 mdl_conjg__CKM3x3 =    1.0000000000000000     
 mdl_CKM3x3 =    1.0000000000000000     
 mdl_conjg__CKM1x1 =    1.0000000000000000     
 mdl_complexi =                (0.0000000000000000,1.0000000000000000)
 mdl_MZ__exp__2 =    8315.2513440000002     
 mdl_MZ__exp__4 =    69143404.913893804     
 mdl_sqrt__2 =    1.4142135623730951     
 mdl_MH__exp__2 =    15625.000000000000     
 mdl_aEW =    7.5467711139788835E-003
 mdl_MW =    80.419002445756163     
 mdl_sqrt__aEW =    8.6872153846781555E-002
 mdl_ee =   0.30795376724436879     
 mdl_MW__exp__2 =    6467.2159543705357     
 mdl_sw2 =   0.22224648578577766     
 mdl_cw =   0.88190334743339216     
 mdl_sqrt__sw2 =   0.47143025548407230     
 mdl_sw =   0.47143025548407230     
 mdl_g1 =   0.34919219678733299     
 mdl_gw =   0.65323293034757990     
 mdl_vev =    246.21845810181637     
 mdl_vev__exp__2 =    60623.529110035903     
 mdl_lam =   0.12886910601690263     
 mdl_yb =    2.6995554250465490E-002
 mdl_yt =   0.99366614581500623     
 mdl_ytau =    1.0206617000654717E-002
 mdl_muH =    88.388347648318430     
 mdl_I1x33 =          (2.69955542504654901E-002,0.0000000000000000)
 mdl_I2x33 =               (0.99366614581500623,0.0000000000000000)
 mdl_I3x33 =               (0.99366614581500623,0.0000000000000000)
 mdl_I4x33 =          (2.69955542504654901E-002,0.0000000000000000)
 mdl_ee__exp__2 =    9.4835522759998875E-002
 mdl_sw__exp__2 =   0.22224648578577769     
 mdl_cw__exp__2 =   0.77775351421422245     
  Internal Params evaluated point by point
  ----------------------------------------
  
 mdl_sqrt__aS =   0.34351128074635334     
 mdl_G__exp__2 =    1.4828317324943823     
  Couplings of sm
  ---------------------------------
  
         GC_1 =  -0.00000E+00  -0.10265E+00
         GC_2 =   0.00000E+00   0.20530E+00
        GC_51 =   0.00000E+00   0.28804E+00
        GC_58 =  -0.00000E+00  -0.27437E-01
        GC_81 =   0.00000E+00   0.67544E+02
        GC_83 =  -0.00000E+00  -0.19089E-01

 Collider parameters:
 --------------------

 Running at P P   machine @    13000.000000000000       GeV
 PDF set = nn23lo1
 alpha_s(Mz)= 0.1300 running at 2 loops.
 alpha_s(Mz)= 0.1300 running at 2 loops.
 Renormalization scale set on event-by-event basis
 Factorization   scale set on event-by-event basis


 getting user params
Enter number of events and max and min iterations: 
 Number of events and iterations         1000           5           3
Enter desired fractional accuracy: 
 Desired fractional accuracy:   0.10000000000000001     
Enter 0 for fixed, 2 for adjustable grid: 
Suppress amplitude (0 no, 1 yes)? 
 Using suppressed amplitude.
Exact helicity sum (0 yes, n = number/event)? 
 Explicitly summing over helicities
Enter Configuration Number: 
Running Configuration Number:    1
 Not subdividing B.W.
 Attempting mappinvarients           1           6
 Completed mapping           6
 about to integrate           10        1000           5           3          10           1
 Using non-zero grid deformation.
 10 dimensions   1000 events 10 invarients  5 iterations  1 config(s),  (0.99)
 Using h-tuple random number sequence.
 Error opening grid
 Using Uniform Grid!          24
 Using uniform alpha   1.0000000000000000     
 Grid defined OK
 Set CM energy to      13000.00
 Mapping Graph           1  to config           1
 Setting BW          -1           1   91.188000000000002     
Setting grid   2    0.11764E-05   1
Setting grid   3    0.20914E-05   1
 Transforming s_hat 1/s            9   4.6220104294440253E-005   6400.0000000000000        168999999.99999997     
   1   1   2   3   4   5   6   7   8   9  10
 Masses: 0.000E+00 0.000E+00 0.470E+01 0.470E+01 0.470E+01 0.470E+01
Using random seed offsets     1 :      1
  with seed                   33
 Ranmar initialization seeds       11949        9408
 
 ********************************************
 * You are using the DiscreteSampler module *
 *      part of the MG5_aMC framework       *
 *         Author: Valentin Hirschi         *
 ********************************************
 
  Particle       3       4       5       6
      Et >    20.0    20.0    20.0    20.0
       E >     0.0     0.0     0.0     0.0
     Eta <     3.0     3.0     3.0     3.0
   xqcut:      0.0     0.0     0.0     0.0
d R # 3  >    -0.0     0.4     0.4     0.4
d R # 4  >    -0.0    -0.0     0.4     0.4
d R # 5  >    -0.0    -0.0    -0.0     0.4
s min # 3>     0.0     0.0     0.0     0.0
s min # 4>     0.0     0.0     0.0     0.0
s min # 5>     0.0     0.0     0.0     0.0
xqcutij # 3>     0.0     0.0     0.0     0.0
xqcutij # 4>     0.0     0.0     0.0     0.0
xqcutij # 5>     0.0     0.0     0.0     0.0
 No cut BW           -1           1
 alpha_s for scale    109.63917678763761       is   0.12612395116537084     
 Added good helicity            1   3.9987879373556842E-002  in event            1 local:           1
 Added good helicity            2   2.2334712814564669E-002  in event            1 local:           1
 Added good helicity            3   2.3163300072667061E-002  in event            1 local:           1
 Added good helicity            4   1.7551522032568784E-002  in event            1 local:           1
 Added good helicity            5   1.1532640092633403E-003  in event            1 local:           1
 Added good helicity            6   3.1108283268281605E-004  in event            1 local:           1
 Added good helicity            7   1.0833777772586383E-002  in event            1 local:           1
 Added good helicity            8   1.8909308455212948E-003  in event            1 local:           1
 Added good helicity            9   2.8427941484356375E-003  in event            1 local:           1
 Added good helicity           10   9.3959738778562384E-004  in event            1 local:           1
 Added good helicity           11   4.9094967548812634E-004  in event            1 local:           1
 Added good helicity           12   7.0368463596135683E-003  in event            1 local:           1
 Added good helicity           13   6.6631436543141062E-003  in event            1 local:           1
 Added good helicity           14   1.7472871343314589E-002  in event            1 local:           1
 Added good helicity           15  0.11756661488993188       in event            1 local:           1
 Added good helicity           16  0.42750807893740195       in event            1 local:           1
 Added good helicity           49   54.275275278711568       in event            1 local:           1
 Added good helicity           50   6.0549987972209314       in event            1 local:           1
 Added good helicity           51   1.7526816473526439       in event            1 local:           1
 Added good helicity           52  0.55695500694939504       in event            1 local:           1
 Added good helicity           53   2.1884985258129081E-003  in event            1 local:           1
 Added good helicity           54   6.0623811408812812E-005  in event            1 local:           1
 Added good helicity           55   2.5183210278346925E-003  in event            1 local:           1
 Added good helicity           56   4.3522195222155981E-003  in event            1 local:           1
 Added good helicity           57  0.37137937697266743       in event            1 local:           1
 Added good helicity           58  0.25229784117869591       in event            1 local:           1
 Added good helicity           59   2.5420414529490464E-003  in event            1 local:           1
 Added good helicity           60   9.8925676657688755E-003  in event            1 local:           1
 Added good helicity           61   8.7655795662718080E-003  in event            1 local:           1
 Added good helicity           62   2.2121970273248823E-003  in event            1 local:           1
 Added good helicity           63   2.4400869567089679E-003  in event            1 local:           1
 Added good helicity           64   3.6925499081249227E-003  in event            1 local:           1
 Added good helicity            1   3.9987879373556946E-002  in event            1 local:           1
 Added good helicity            2   2.2334712814564717E-002  in event            1 local:           1
 Added good helicity            3   2.3163300072667259E-002  in event            1 local:           1
 Added good helicity            4   1.7551522032569065E-002  in event            1 local:           1
 Added good helicity            5   1.1532640092633498E-003  in event            1 local:           1
 Added good helicity            6   3.1108283268281659E-004  in event            1 local:           1
 Added good helicity            7   1.0833777772586400E-002  in event            1 local:           1
 Added good helicity            8   1.8909308455212841E-003  in event            1 local:           1
 Added good helicity            9   2.8427941484356570E-003  in event            1 local:           1
 Added good helicity           10   9.3959738778562568E-004  in event            1 local:           1
 Added good helicity           11   4.9094967548812840E-004  in event            1 local:           1
 Added good helicity           12   7.0368463596135831E-003  in event            1 local:           1
 Added good helicity           13   6.6631436543140819E-003  in event            1 local:           1
 Added good helicity           14   1.7472871343314635E-002  in event            1 local:           1
 Added good helicity           15  0.11756661488993220       in event            1 local:           1
 Added good helicity           16  0.42750807893740372       in event            1 local:           1
 Added good helicity           49   54.275275278711533       in event            1 local:           1
 Added good helicity           50   6.0549987972209438       in event            1 local:           1
 Added good helicity           51   1.7526816473526470       in event            1 local:           1
 Added good helicity           52  0.55695500694939459       in event            1 local:           1
 Added good helicity           53   2.1884985258129016E-003  in event            1 local:           1
 Added good helicity           54   6.0623811408812751E-005  in event            1 local:           1
 Added good helicity           55   2.5183210278346990E-003  in event            1 local:           1
 Added good helicity           56   4.3522195222156024E-003  in event            1 local:           1
 Added good helicity           57  0.37137937697266848       in event            1 local:           1
 Added good helicity           58  0.25229784117869636       in event            1 local:           1
 Added good helicity           59   2.5420414529490451E-003  in event            1 local:           1
 Added good helicity           60   9.8925676657688286E-003  in event            1 local:           1
 Added good helicity           61   8.7655795662718878E-003  in event            1 local:           1
 Added good helicity           62   2.2121970273248927E-003  in event            1 local:           1
 Added good helicity           63   2.4400869567089744E-003  in event            1 local:           1
 Added good helicity           64   3.6925499081249188E-003  in event            1 local:           1
 RESET CUMULATIVE VARIABLE
 RESET CUMULATIVE VARIABLE
 RESET CUMULATIVE VARIABLE
 Iteration  1   Mean: 0.1556E-04 Abs mean: 0.1556E-04   Fluctuation:  0.284E-05   0.208E-02     5.6%
  1    0.1556E-04 0.1556E-04 +- 0.2837E-05      5.77
 Writing out events   5.5912800979691378E-008   5.7678882367519666     
 Relative summed weights:
  0.1990E-01  0.8651E-01  0.3927E-02  0.6303E-02
  0.4728E-01  0.2679E-01  0.1616E-06  0.3271E-04
  0.4584E-01  0.3710E-01  0.6744E-02  0.5258E-02
  0.5016E-01  0.4567E-01  0.2818E-02  0.2203E-02
  0.2947E-01  0.6091E-01  0.4695E-02  0.6632E-02
  0.1857E+00  0.7877E-01  0.4755E-03  0.1335E-02
  0.1058E+00  0.4034E-01  0.3082E-02  0.1210E-01
  0.4303E-01  0.3425E-01  0.6672E-02  0.1544E-03
 Relative number of events:
  0.4460E-01  0.3370E-01  0.5154E-01  0.7037E-01
  0.2478E-01  0.2775E-01  0.9911E-03  0.3964E-02
  0.3568E-01  0.2775E-01  0.4955E-02  0.5946E-02
  0.3370E-01  0.4559E-01  0.4955E-01  0.5253E-01
  0.3865E-01  0.3568E-01  0.4757E-01  0.5154E-01
  0.2676E-01  0.2874E-01  0.2973E-02  0.2973E-02
  0.4559E-01  0.4063E-01  0.5253E-01  0.6046E-01
  0.2478E-01  0.1982E-01  0.3964E-02  0.3964E-02
 Events:
          45          34          52          71
          25          28           1           4
          36          28           5           6
          34          46          50          53
          39          36          48          52
          27          29           3           3
          46          41          53          61
          25          20           4           4
 Iteration  2   Mean: 0.1490E-04 Abs mean: 0.1490E-04   Fluctuation:  0.145E-05   0.103E-02    18.9%
  2    0.1490E-04 0.1490E-04 +- 0.1451E-05      4.36
 Relative summed weights:
  0.7032E-01  0.2778E-01  0.8482E-02  0.5712E-02
  0.2285E-01  0.5091E-01  0.3636E-02  0.1036E-01
  0.5929E-01  0.8160E-01  0.7831E-02  0.3626E-01
  0.2764E-01  0.4282E-01  0.7174E-02  0.8025E-02
  0.7912E-01  0.3243E-01  0.1483E-01  0.5872E-02
  0.6614E-01  0.1652E-01  0.1543E-01  0.4524E-02
  0.3793E-01  0.7575E-01  0.7098E-02  0.1251E-01
  0.4779E-01  0.1034E+00  0.6622E-02  0.3314E-02
 Relative number of events:
  0.4900E-01  0.3200E-01  0.4900E-01  0.4850E-01
  0.2550E-01  0.2050E-01  0.4000E-02  0.4000E-02
  0.2150E-01  0.3000E-01  0.4000E-02  0.5000E-02
  0.3850E-01  0.4350E-01  0.5300E-01  0.6100E-01
  0.4400E-01  0.3650E-01  0.5300E-01  0.5750E-01
  0.2750E-01  0.2200E-01  0.7500E-02  0.4500E-02
  0.3250E-01  0.4700E-01  0.5850E-01  0.5850E-01
  0.2250E-01  0.3250E-01  0.3500E-02  0.3500E-02
 Events:
          98          64          98          97
          51          41           8           8
          43          60           8          10
          77          87         106         122
          88          73         106         115
          55          44          15           9
          65          94         117         117
          45          65           7           7
 Iteration  3   Mean: 0.1271E-04 Abs mean: 0.1271E-04   Fluctuation:  0.653E-06   0.984E-03    28.0%
  3    0.1271E-04 0.1271E-04 +- 0.6529E-06      3.25
 Relative summed weights:
  0.5074E-01  0.6883E-01  0.8410E-02  0.8675E-02
  0.5441E-01  0.4216E-01  0.6684E-02  0.8603E-02
  0.3632E-01  0.4620E-01  0.2002E-01  0.1096E-01
  0.5096E-01  0.6443E-01  0.8523E-02  0.1194E-01
  0.6369E-01  0.6031E-01  0.1079E-01  0.7176E-02
  0.4248E-01  0.5008E-01  0.7097E-02  0.7133E-02
  0.6090E-01  0.4556E-01  0.1009E-01  0.1066E-01
  0.6315E-01  0.4717E-01  0.1298E-01  0.2871E-02
 Relative number of events:
  0.4025E-01  0.3975E-01  0.5350E-01  0.5800E-01
  0.2350E-01  0.2700E-01  0.4000E-02  0.4750E-02
  0.2050E-01  0.2350E-01  0.5500E-02  0.5250E-02
  0.4075E-01  0.4150E-01  0.5525E-01  0.5925E-01
  0.4650E-01  0.4275E-01  0.5700E-01  0.4975E-01
  0.2250E-01  0.2625E-01  0.4500E-02  0.3750E-02
  0.4100E-01  0.4350E-01  0.5125E-01  0.5125E-01
  0.2450E-01  0.2450E-01  0.5250E-02  0.3500E-02
 Events:
         161         159         214         232
          94         108          16          19
          82          94          22          21
         163         166         221         237
         186         171         228         199
          90         105          18          15
         164         174         205         205
          98          98          21          14
 Accuracy:    0.055   0.100   0.044   1.562
 Finished due to accuracy    5.5114295837997651E-002  0.10000000000000001     

 -------------------------------------------------------------------------------
 Accumulated results:   Integral =  0.1332E-04
                        Std dev  =  0.5875E-06
                       Cross sec =  0.1332E-04
             Chi**2 per DoF.     =      1.5620
 -------------------------------------------------------------------------------
 Found          729  events.
 Wrote           90  events.
 Actual xsec    1.3321890892389242E-005
 Correct abs xsec    1.3321890892389242E-005
 Event xsec    1.3321890892389274E-005
 Events wgts > 1:            3
 % Cross section > 1:    1.2054255594299439E-007  0.90484569282773297     
-------------------------------------------------
---------------------------
 Results Last   3 iters: Integral =   0.1332E-04
                     Abs integral =   0.1332E-04
                          Std dev =   0.5875E-06
                  Chi**2 per DoF. =      1.3422
-------------------------------------------------
---------------------------
 Status  0.10000000000000001                4           5

ls status:
events.lhe
ftn26
input_app.txt
results.dat
run1_app.log
run_01_log.txt
