 Process in group number            1
 A PDF is used, so alpha_s(MZ) is going to be modified
 Old value of alpha_s from param_card:   0.11799999999999999     
  ****************************************
 
       NNPDFDriver version 1.0.3
   Grid: NNPDF23_lo_as_0130_qed_mem0.grid
  ****************************************
 New value of alpha_s from PDF nn23lo1:  0.13000000000000000     
 Define smin to   6400.0000000000000     
 Define smin to   6400.0000000000000     
 *****************************************************
 *               MadGraph/MadEvent                   *
 *        --------------------------------           *
 *          http://madgraph.hep.uiuc.edu             *
 *          http://madgraph.phys.ucl.ac.be           *
 *          http://madgraph.roma2.infn.it            *
 *        --------------------------------           *
 *                                                   *
 *          PARAMETER AND COUPLING VALUES            *
 *                                                   *
 *****************************************************

  External Params
  ---------------------------------
  
 mdl_MB =    4.7000000000000002     
 mdl_MT =    173.00000000000000     
 mdl_MTA =    1.7769999999999999     
 mdl_MZ =    91.188000000000002     
 mdl_MH =    125.00000000000000     
 aEWM1 =    132.50700000000001     
 mdl_Gf =    1.1663900000000000E-005
 aS =   0.11799999999999999     
 mdl_ymb =    4.7000000000000002     
 mdl_ymt =    173.00000000000000     
 mdl_ymtau =    1.7769999999999999     
 mdl_WT =    1.4915000000000000     
 mdl_WZ =    2.4414039999999999     
 mdl_WW =    2.0476000000000001     
 mdl_WH =    6.3823389999999999E-003
  Internal Params
  ---------------------------------
  
 mdl_conjg__CKM3x3 =    1.0000000000000000     
 mdl_CKM3x3 =    1.0000000000000000     
 mdl_conjg__CKM1x1 =    1.0000000000000000     
 mdl_complexi =                (0.0000000000000000,1.0000000000000000)
 mdl_MZ__exp__2 =    8315.2513440000002     
 mdl_MZ__exp__4 =    69143404.913893804     
 mdl_sqrt__2 =    1.4142135623730951     
 mdl_MH__exp__2 =    15625.000000000000     
 mdl_aEW =    7.5467711139788835E-003
 mdl_MW =    80.419002445756163     
 mdl_sqrt__aEW =    8.6872153846781555E-002
 mdl_ee =   0.30795376724436879     
 mdl_MW__exp__2 =    6467.2159543705357     
 mdl_sw2 =   0.22224648578577766     
 mdl_cw =   0.88190334743339216     
 mdl_sqrt__sw2 =   0.47143025548407230     
 mdl_sw =   0.47143025548407230     
 mdl_g1 =   0.34919219678733299     
 mdl_gw =   0.65323293034757990     
 mdl_vev =    246.21845810181637     
 mdl_vev__exp__2 =    60623.529110035903     
 mdl_lam =   0.12886910601690263     
 mdl_yb =    2.6995554250465490E-002
 mdl_yt =   0.99366614581500623     
 mdl_ytau =    1.0206617000654717E-002
 mdl_muH =    88.388347648318430     
 mdl_I1x33 =          (2.69955542504654901E-002,0.0000000000000000)
 mdl_I2x33 =               (0.99366614581500623,0.0000000000000000)
 mdl_I3x33 =               (0.99366614581500623,0.0000000000000000)
 mdl_I4x33 =          (2.69955542504654901E-002,0.0000000000000000)
 mdl_ee__exp__2 =    9.4835522759998875E-002
 mdl_sw__exp__2 =   0.22224648578577769     
 mdl_cw__exp__2 =   0.77775351421422245     
  Internal Params evaluated point by point
  ----------------------------------------
  
 mdl_sqrt__aS =   0.34351128074635334     
 mdl_G__exp__2 =    1.4828317324943823     
  Couplings of sm
  ---------------------------------
  
         GC_1 =  -0.00000E+00  -0.10265E+00
         GC_2 =   0.00000E+00   0.20530E+00
        GC_51 =   0.00000E+00   0.28804E+00
        GC_58 =  -0.00000E+00  -0.27437E-01
        GC_81 =   0.00000E+00   0.67544E+02
        GC_83 =  -0.00000E+00  -0.19089E-01

 Collider parameters:
 --------------------

 Running at P P   machine @    13000.000000000000       GeV
 PDF set = nn23lo1
 alpha_s(Mz)= 0.1300 running at 2 loops.
 alpha_s(Mz)= 0.1300 running at 2 loops.
 Renormalization scale set on event-by-event basis
 Factorization   scale set on event-by-event basis


 getting user params
Enter number of events and max and min iterations: 
 Number of events and iterations         1000           5           3
Enter desired fractional accuracy: 
 Desired fractional accuracy:   0.10000000000000001     
Enter 0 for fixed, 2 for adjustable grid: 
Suppress amplitude (0 no, 1 yes)? 
 Using suppressed amplitude.
Exact helicity sum (0 yes, n = number/event)? 
 Explicitly summing over helicities
Enter Configuration Number: 
Running Configuration Number:    5
 Using dconfig=           7
 BW Setting            1           2           0           0
 Attempting mappinvarients           1           6
 Completed mapping           6
 about to integrate           10        1000           5           3          10           1
 Using non-zero grid deformation.
 10 dimensions   1000 events 10 invarients  5 iterations  1 config(s),  (0.99)
 Using h-tuple random number sequence.
 Error opening grid
 Using Uniform Grid!          24
 Using uniform alpha   1.0000000000000000     
 Grid defined OK
 Set CM energy to      13000.00
 Mapping Graph           5  to config           5
 Setting BW          -1           1   125.00000000000000     
Setting grid   2    0.99490E-04   1
Setting grid   3    0.10683E-03   1
 Transforming s_hat 1/s            9   1.6103236780477088E-004   6400.0000000000000        168999999.99999997     
   5   1   2   3   4   5   6   7   8   9  10
 Masses: 0.000E+00 0.000E+00 0.470E+01 0.470E+01 0.470E+01 0.470E+01
Using random seed offsets     5 :      1
  with seed                   33
 Ranmar initialization seeds       11953        9408
 
 ********************************************
 * You are using the DiscreteSampler module *
 *      part of the MG5_aMC framework       *
 *         Author: Valentin Hirschi         *
 ********************************************
 
  Particle       3       4       5       6
      Et >    20.0    20.0    20.0    20.0
       E >     0.0     0.0     0.0     0.0
     Eta <     3.0     3.0     3.0     3.0
   xqcut:      0.0     0.0     0.0     0.0
d R # 3  >    -0.0     0.4     0.4     0.4
d R # 4  >    -0.0    -0.0     0.4     0.4
d R # 5  >    -0.0    -0.0    -0.0     0.4
s min # 3>     0.0     0.0     0.0     0.0
s min # 4>     0.0     0.0     0.0     0.0
s min # 5>     0.0     0.0     0.0     0.0
xqcutij # 3>     0.0     0.0     0.0     0.0
xqcutij # 4>     0.0     0.0     0.0     0.0
xqcutij # 5>     0.0     0.0     0.0     0.0
 Requiring BW           -1           1
 Excluding BW           -3           2
 alpha_s for scale    178.50932822552528       is   0.11692535457162438     
 Added good helicity            1   6.4072649717617240E-004  in event            1 local:           1
 Added good helicity            2   2.1831013978239998E-006  in event            1 local:           1
 Added good helicity            3   2.9484644669883912E-006  in event            1 local:           1
 Added good helicity            4   4.0263003262321739E-005  in event            1 local:           1
 Added good helicity            5   2.4785215690700872       in event            1 local:           1
 Added good helicity            6   8.3730794473068013E-003  in event            1 local:           1
 Added good helicity            7   1.1085806394660806E-002  in event            1 local:           1
 Added good helicity            8  0.14730643120029172       in event            1 local:           1
 Added good helicity            9   2.4783361424334878       in event            1 local:           1
 Added good helicity           10   8.3711439768075820E-003  in event            1 local:           1
 Added good helicity           11   1.1070569966357470E-002  in event            1 local:           1
 Added good helicity           12  0.14731633398625538       in event            1 local:           1
 Added good helicity           13   5.5790144593228196E-004  in event            1 local:           1
 Added good helicity           14   2.0313885246187623E-006  in event            1 local:           1
 Added good helicity           15   2.7224966654226655E-006  in event            1 local:           1
 Added good helicity           16   4.3350818482756197E-005  in event            1 local:           1
 Added good helicity           49   1.2784748686832041E-003  in event            1 local:           1
 Added good helicity           50   8.5056547623328049E-006  in event            1 local:           1
 Added good helicity           51   1.7089227620075852E-005  in event            1 local:           1
 Added good helicity           52   2.7725386183631562E-004  in event            1 local:           1
 Added good helicity           53   28.755951411804361       in event            1 local:           1
 Added good helicity           54  0.11490797131974384       in event            1 local:           1
 Added good helicity           55   6.9975329310122875E-002  in event            1 local:           1
 Added good helicity           56  0.39548216436005373       in event            1 local:           1
 Added good helicity           57   28.782470289110304       in event            1 local:           1
 Added good helicity           58  0.11508519469329341       in event            1 local:           1
 Added good helicity           59   6.9982699552614658E-002  in event            1 local:           1
 Added good helicity           60  0.39507375732730926       in event            1 local:           1
 Added good helicity           61   7.6598309539412084E-003  in event            1 local:           1
 Added good helicity           62   3.0652414865389720E-005  in event            1 local:           1
 Added good helicity           63   1.8760940413522784E-005  in event            1 local:           1
 Added good helicity           64   1.0741090892808596E-004  in event            1 local:           1
 Added good helicity            1   6.4072649717617229E-004  in event            1 local:           1
 Added good helicity            2   2.1831013978239968E-006  in event            1 local:           1
 Added good helicity            3   2.9484644669883874E-006  in event            1 local:           1
 Added good helicity            4   4.0263003262321705E-005  in event            1 local:           1
 Added good helicity            5   2.4785215690700890       in event            1 local:           1
 Added good helicity            6   8.3730794473068047E-003  in event            1 local:           1
 Added good helicity            7   1.1085806394660809E-002  in event            1 local:           1
 Added good helicity            8  0.14730643120029155       in event            1 local:           1
 Added good helicity            9   2.4783361424334891       in event            1 local:           1
 Added good helicity           10   8.3711439768075751E-003  in event            1 local:           1
 Added good helicity           11   1.1070569966357469E-002  in event            1 local:           1
 Added good helicity           12  0.14731633398625538       in event            1 local:           1
 Added good helicity           13   5.5790144593228185E-004  in event            1 local:           1
 Added good helicity           14   2.0313885246187589E-006  in event            1 local:           1
 Added good helicity           15   2.7224966654226638E-006  in event            1 local:           1
 Added good helicity           16   4.3350818482756102E-005  in event            1 local:           1
 Added good helicity           49   1.2784748686832026E-003  in event            1 local:           1
 Added good helicity           50   8.5056547623327710E-006  in event            1 local:           1
 Added good helicity           51   1.7089227620075808E-005  in event            1 local:           1
 Added good helicity           52   2.7725386183631551E-004  in event            1 local:           1
 Added good helicity           53   28.755951411804364       in event            1 local:           1
 Added good helicity           54  0.11490797131974376       in event            1 local:           1
 Added good helicity           55   6.9975329310122791E-002  in event            1 local:           1
 Added good helicity           56  0.39548216436005390       in event            1 local:           1
 Added good helicity           57   28.782470289110300       in event            1 local:           1
 Added good helicity           58  0.11508519469329327       in event            1 local:           1
 Added good helicity           59   6.9982699552614602E-002  in event            1 local:           1
 Added good helicity           60  0.39507375732730937       in event            1 local:           1
 Added good helicity           61   7.6598309539411911E-003  in event            1 local:           1
 Added good helicity           62   3.0652414865389706E-005  in event            1 local:           1
 Added good helicity           63   1.8760940413522760E-005  in event            1 local:           1
 Added good helicity           64   1.0741090892808600E-004  in event            1 local:           1
 RESET CUMULATIVE VARIABLE
 RESET CUMULATIVE VARIABLE
 RESET CUMULATIVE VARIABLE
 Iteration  1   Mean: 0.4812E-06 Abs mean: 0.4812E-06   Fluctuation:  0.450E-07   0.143E-04    16.9%
  1    0.4812E-06 0.4812E-06 +- 0.4499E-07      2.96
 Writing out events   5.6815948414035039E-010   2.9565452292703958     
 Relative summed weights:
  0.3999E-01  0.8998E-02  0.9299E-01  0.4602E-01
  0.2178E-01  0.4394E-01  0.8633E-02  0.2636E-01
  0.1435E-01  0.4612E-01  0.2025E-01  0.4256E-01
  0.3794E-01  0.1638E-01  0.6493E-01  0.3772E-01
  0.6778E-02  0.1895E-01  0.1043E-01  0.1816E-01
  0.2239E-01  0.2940E-01  0.5230E-01  0.1449E-01
  0.8403E-02  0.5053E-01  0.3032E-01  0.2429E-01
  0.5027E-01  0.1398E-01  0.3168E-01  0.4864E-01
 Relative number of events:
  0.3171E-01  0.2775E-01  0.3568E-01  0.3469E-01
  0.2874E-01  0.3171E-01  0.3370E-01  0.2973E-01
  0.2577E-01  0.2973E-01  0.3370E-01  0.3964E-01
  0.2973E-01  0.2180E-01  0.3171E-01  0.3766E-01
  0.1883E-01  0.4460E-01  0.2874E-01  0.3370E-01
  0.3568E-01  0.3271E-01  0.4955E-01  0.2775E-01
  0.2973E-01  0.2874E-01  0.2478E-01  0.2874E-01
  0.2973E-01  0.2180E-01  0.2775E-01  0.3370E-01
 Events:
          32          28          36          35
          29          32          34          30
          26          30          34          40
          30          22          32          38
          19          45          29          34
          36          33          50          28
          30          29          25          29
          30          22          28          34
 Iteration  2   Mean: 0.4371E-06 Abs mean: 0.4371E-06   Fluctuation:  0.226E-07   0.136E-04    28.3%
  2    0.4371E-06 0.4371E-06 +- 0.2262E-07      2.31
 Relative summed weights:
  0.2471E-01  0.2296E-01  0.4013E-01  0.2726E-01
  0.2467E-01  0.1785E-01  0.3047E-01  0.2577E-01
  0.2772E-01  0.4374E-01  0.4130E-01  0.3079E-01
  0.3165E-01  0.3357E-01  0.2965E-01  0.2502E-01
  0.4443E-01  0.2764E-01  0.2143E-01  0.3035E-01
  0.3790E-01  0.2454E-01  0.1832E-01  0.3168E-01
  0.3154E-01  0.2819E-01  0.2458E-01  0.2723E-01
  0.5483E-01  0.4057E-01  0.2065E-01  0.5886E-01
 Relative number of events:
  0.3250E-01  0.2700E-01  0.3300E-01  0.2700E-01
  0.3400E-01  0.2900E-01  0.3150E-01  0.3650E-01
  0.3000E-01  0.2900E-01  0.3950E-01  0.3100E-01
  0.2950E-01  0.2400E-01  0.3150E-01  0.2850E-01
  0.3150E-01  0.3200E-01  0.2750E-01  0.3350E-01
  0.3150E-01  0.2350E-01  0.2900E-01  0.3300E-01
  0.2950E-01  0.2900E-01  0.3200E-01  0.3500E-01
  0.3950E-01  0.3250E-01  0.3050E-01  0.3700E-01
 Events:
          65          54          66          54
          68          58          63          73
          60          58          79          62
          59          48          63          57
          63          64          55          67
          63          47          58          66
          59          58          64          70
          79          65          61          74
 Iteration  3   Mean: 0.4362E-06 Abs mean: 0.4362E-06   Fluctuation:  0.119E-07   0.733E-05    35.1%
  3    0.4362E-06 0.4362E-06 +- 0.1187E-07      1.72
 Relative summed weights:
  0.2524E-01  0.3796E-01  0.2346E-01  0.3169E-01
  0.2738E-01  0.3643E-01  0.2992E-01  0.2863E-01
  0.3115E-01  0.3763E-01  0.2177E-01  0.3072E-01
  0.3196E-01  0.3364E-01  0.3968E-01  0.2805E-01
  0.2926E-01  0.2294E-01  0.3027E-01  0.2599E-01
  0.3919E-01  0.3173E-01  0.3690E-01  0.3860E-01
  0.3203E-01  0.3153E-01  0.3589E-01  0.2889E-01
  0.3521E-01  0.3663E-01  0.2369E-01  0.2596E-01
 Relative number of events:
  0.2450E-01  0.3250E-01  0.3200E-01  0.2825E-01
  0.2975E-01  0.3200E-01  0.3625E-01  0.3400E-01
  0.3350E-01  0.3025E-01  0.3050E-01  0.2975E-01
  0.3225E-01  0.3475E-01  0.3825E-01  0.2800E-01
  0.2850E-01  0.2750E-01  0.2950E-01  0.2575E-01
  0.3525E-01  0.3150E-01  0.3225E-01  0.3650E-01
  0.2575E-01  0.2600E-01  0.3375E-01  0.2850E-01
  0.2950E-01  0.3625E-01  0.2950E-01  0.3750E-01
 Events:
          98         130         128         113
         119         128         145         136
         134         121         122         119
         129         139         153         112
         114         110         118         103
         141         126         129         146
         103         104         135         114
         118         145         118         150
 Accuracy:    0.017   0.100   0.023   0.557
 Finished due to accuracy    1.7413208626587955E-002  0.10000000000000001     

 -------------------------------------------------------------------------------
 Accumulated results:   Integral =  0.4392E-06
                        Std dev  =  0.1024E-07
                       Cross sec =  0.4392E-06
             Chi**2 per DoF.     =      0.5575
 -------------------------------------------------------------------------------
 Found          988  events.
 Wrote          414  events.
 Actual xsec    4.3919870582233027E-007
 Correct abs xsec    4.3919870582233027E-007
 Event xsec    4.3919870582233244E-007
 Events wgts > 1:           16
 % Cross section > 1:    4.3166804909735998E-009  0.98285364545673581     
-------------------------------------------------
---------------------------
 Results Last   3 iters: Integral =   0.4392E-06
                     Abs integral =   0.4392E-06
                          Std dev =   0.1024E-07
                  Chi**2 per DoF. =      0.4708
-------------------------------------------------
---------------------------
 Status  0.10000000000000001                4           5

ls status:
events.lhe
ftn26
input_app.txt
results.dat
run1_app.log
run_01_log.txt
